2025-02-14 00:03:52 [INFO] Fichier init chargée /Applications/MAMP/htdocs/UE4-projet/config/init.php
2025-02-14 00:03:52 [INFO] Connexion à la base de donnée réussi /Applications/MAMP/htdocs/UE4-projet/config/database.php
2025-02-14 00:03:52 [INFO] Récuperation de toutes les annonces publiées a réussi /Applications/MAMP/htdocs/UE4-projet/app/models/m_announcement.php
2025-02-14 00:03:52 [INFO] Récuperation des catégories  réussi /Applications/MAMP/htdocs/UE4-projet/app/models/m_category.php
2025-02-14 00:03:52 [INFO] Récuperation des status réussi /Applications/MAMP/htdocs/UE4-projet/app/models/m_statuses.php
2025-02-14 00:03:52 [INFO] Récuperation des utilisateurs a réussi /Applications/MAMP/htdocs/UE4-projet/app/models/m_user.php
2025-02-14 00:03:58 [INFO] Fichier init chargée /Applications/MAMP/htdocs/UE4-projet/config/init.php
2025-02-14 00:03:58 [INFO] Connexion à la base de donnée réussi /Applications/MAMP/htdocs/UE4-projet/config/database.php
2025-02-14 00:03:58 [INFO] Fichier init chargée /Applications/MAMP/htdocs/UE4-projet/config/init.php
2025-02-14 00:03:58 [INFO] Connexion à la base de donnée réussi /Applications/MAMP/htdocs/UE4-projet/config/database.php
2025-02-14 00:03:58 [INFO] Récuperation de toutes les annonces publiées a réussi /Applications/MAMP/htdocs/UE4-projet/app/models/m_announcement.php
2025-02-14 00:03:58 [INFO] Récuperation des catégories  réussi /Applications/MAMP/htdocs/UE4-projet/app/models/m_category.php
2025-02-14 00:03:58 [INFO] Récuperation des status réussi /Applications/MAMP/htdocs/UE4-projet/app/models/m_statuses.php
2025-02-14 00:03:58 [INFO] Récuperation des utilisateurs a réussi /Applications/MAMP/htdocs/UE4-projet/app/models/m_user.php
2025-02-14 00:04:13 [INFO] Fichier init chargée /Applications/MAMP/htdocs/UE4-projet/config/init.php
2025-02-14 00:04:13 [INFO] Connexion à la base de donnée réussi /Applications/MAMP/htdocs/UE4-projet/config/database.php
2025-02-14 00:04:43 [INFO] Fichier init chargée /Applications/MAMP/htdocs/UE4-projet/config/init.php
2025-02-14 00:04:43 [INFO] Connexion à la base de donnée réussi /Applications/MAMP/htdocs/UE4-projet/config/database.php
2025-02-14 00:04:43 [INFO] Récuperation de toutes les annonces publiées a réussi /Applications/MAMP/htdocs/UE4-projet/app/models/m_announcement.php
2025-02-14 00:04:43 [INFO] Récuperation des catégories  réussi /Applications/MAMP/htdocs/UE4-projet/app/models/m_category.php
2025-02-14 00:04:43 [INFO] Récuperation des status réussi /Applications/MAMP/htdocs/UE4-projet/app/models/m_statuses.php
2025-02-14 00:04:43 [INFO] Récuperation des utilisateurs a réussi /Applications/MAMP/htdocs/UE4-projet/app/models/m_user.php
2025-02-14 00:04:46 [INFO] Fichier init chargée /Applications/MAMP/htdocs/UE4-projet/config/init.php
2025-02-14 00:04:46 [INFO] Connexion à la base de donnée réussi /Applications/MAMP/htdocs/UE4-projet/config/database.php
2025-02-14 00:04:46 [INFO] Récuperation de toutes les annonces publiées a réussi /Applications/MAMP/htdocs/UE4-projet/app/models/m_announcement.php
2025-02-14 00:04:46 [INFO] Récuperation des catégories  réussi /Applications/MAMP/htdocs/UE4-projet/app/models/m_category.php
2025-02-14 00:04:46 [INFO] Récuperation des status réussi /Applications/MAMP/htdocs/UE4-projet/app/models/m_statuses.php
2025-02-14 00:04:46 [INFO] Récuperation des utilisateurs a réussi /Applications/MAMP/htdocs/UE4-projet/app/models/m_user.php
2025-02-14 00:05:00 [INFO] Fichier init chargée /Applications/MAMP/htdocs/UE4-projet/config/init.php
2025-02-14 00:05:00 [INFO] Connexion à la base de donnée réussi /Applications/MAMP/htdocs/UE4-projet/config/database.php
2025-02-14 00:05:03 [INFO] Fichier init chargée /Applications/MAMP/htdocs/UE4-projet/config/init.php
2025-02-14 00:05:03 [INFO] Connexion à la base de donnée réussi /Applications/MAMP/htdocs/UE4-projet/config/database.php
2025-02-14 00:05:03 [INFO] Récuperation de toutes les annonces publiées a réussi /Applications/MAMP/htdocs/UE4-projet/app/models/m_announcement.php
2025-02-14 00:05:03 [INFO] Récuperation des catégories  réussi /Applications/MAMP/htdocs/UE4-projet/app/models/m_category.php
2025-02-14 00:05:03 [INFO] Récuperation des status réussi /Applications/MAMP/htdocs/UE4-projet/app/models/m_statuses.php
2025-02-14 00:05:03 [INFO] Récuperation des utilisateurs a réussi /Applications/MAMP/htdocs/UE4-projet/app/models/m_user.php
2025-02-14 00:06:12 [INFO] Fichier init chargée /Applications/MAMP/htdocs/UE4-projet/config/init.php
2025-02-14 00:06:12 [INFO] Connexion à la base de donnée réussi /Applications/MAMP/htdocs/UE4-projet/config/database.php
2025-02-14 00:06:12 [INFO] Récuperation de toutes les annonces publiées a réussi /Applications/MAMP/htdocs/UE4-projet/app/models/m_announcement.php
2025-02-14 00:06:12 [INFO] Récuperation des catégories  réussi /Applications/MAMP/htdocs/UE4-projet/app/models/m_category.php
2025-02-14 00:06:12 [INFO] Récuperation des status réussi /Applications/MAMP/htdocs/UE4-projet/app/models/m_statuses.php
2025-02-14 00:06:12 [INFO] Récuperation des utilisateurs a réussi /Applications/MAMP/htdocs/UE4-projet/app/models/m_user.php
2025-02-14 00:06:13 [INFO] Fichier init chargée /Applications/MAMP/htdocs/UE4-projet/config/init.php
2025-02-14 00:06:13 [INFO] Connexion à la base de donnée réussi /Applications/MAMP/htdocs/UE4-projet/config/database.php
2025-02-14 00:06:13 [INFO] Récuperation de toutes les annonces publiées a réussi /Applications/MAMP/htdocs/UE4-projet/app/models/m_announcement.php
2025-02-14 00:06:13 [INFO] Récuperation des catégories  réussi /Applications/MAMP/htdocs/UE4-projet/app/models/m_category.php
2025-02-14 00:06:13 [INFO] Récuperation des status réussi /Applications/MAMP/htdocs/UE4-projet/app/models/m_statuses.php
2025-02-14 00:06:13 [INFO] Récuperation des utilisateurs a réussi /Applications/MAMP/htdocs/UE4-projet/app/models/m_user.php
2025-02-14 00:06:17 [INFO] Fichier init chargée /Applications/MAMP/htdocs/UE4-projet/config/init.php
2025-02-14 00:06:17 [INFO] Connexion à la base de donnée réussi /Applications/MAMP/htdocs/UE4-projet/config/database.php
2025-02-14 00:06:39 [INFO] Fichier init chargée /Applications/MAMP/htdocs/UE4-projet/config/init.php
2025-02-14 00:06:39 [INFO] Connexion à la base de donnée réussi /Applications/MAMP/htdocs/UE4-projet/config/database.php
2025-02-14 00:07:08 [INFO] Fichier init chargée /Applications/MAMP/htdocs/UE4-projet/config/init.php
2025-02-14 00:07:08 [INFO] Connexion à la base de donnée réussi /Applications/MAMP/htdocs/UE4-projet/config/database.php
2025-02-14 00:07:29 [INFO] Fichier init chargée /Applications/MAMP/htdocs/UE4-projet/config/init.php
2025-02-14 00:07:29 [INFO] Connexion à la base de donnée réussi /Applications/MAMP/htdocs/UE4-projet/config/database.php
2025-02-14 00:07:59 [INFO] Fichier init chargée /Applications/MAMP/htdocs/UE4-projet/config/init.php
2025-02-14 00:07:59 [INFO] Connexion à la base de donnée réussi /Applications/MAMP/htdocs/UE4-projet/config/database.php
2025-02-14 00:08:07 [INFO] Fichier init chargée /Applications/MAMP/htdocs/UE4-projet/config/init.php
2025-02-14 00:08:07 [INFO] Connexion à la base de donnée réussi /Applications/MAMP/htdocs/UE4-projet/config/database.php
2025-02-14 00:09:38 [INFO] Fichier init chargée /Applications/MAMP/htdocs/UE4-projet/config/init.php
2025-02-14 00:09:38 [INFO] Connexion à la base de donnée réussi /Applications/MAMP/htdocs/UE4-projet/config/database.php
2025-02-14 00:10:34 [INFO] Fichier init chargée /Applications/MAMP/htdocs/UE4-projet/config/init.php
2025-02-14 00:10:34 [INFO] Connexion à la base de donnée réussi /Applications/MAMP/htdocs/UE4-projet/config/database.php
2025-02-14 00:10:34 [INFO] Fichier init chargée /Applications/MAMP/htdocs/UE4-projet/config/init.php
2025-02-14 00:10:34 [INFO] Connexion à la base de donnée réussi /Applications/MAMP/htdocs/UE4-projet/config/database.php
2025-02-14 00:10:34 [INFO] Récuperation de toutes les annonces publiées a réussi /Applications/MAMP/htdocs/UE4-projet/app/models/m_announcement.php
2025-02-14 00:10:34 [INFO] Récuperation des catégories  réussi /Applications/MAMP/htdocs/UE4-projet/app/models/m_category.php
2025-02-14 00:10:34 [INFO] Récuperation des status réussi /Applications/MAMP/htdocs/UE4-projet/app/models/m_statuses.php
2025-02-14 00:10:34 [INFO] Récuperation des utilisateurs a réussi /Applications/MAMP/htdocs/UE4-projet/app/models/m_user.php
2025-02-14 00:11:15 [INFO] Fichier init chargée /Applications/MAMP/htdocs/UE4-projet/config/init.php
2025-02-14 00:11:15 [INFO] Connexion à la base de donnée réussi /Applications/MAMP/htdocs/UE4-projet/config/database.php
2025-02-14 00:11:15 [INFO] Récuperation de toutes les annonces publiées a réussi /Applications/MAMP/htdocs/UE4-projet/app/models/m_announcement.php
2025-02-14 00:11:15 [INFO] Récuperation des catégories  réussi /Applications/MAMP/htdocs/UE4-projet/app/models/m_category.php
2025-02-14 00:11:15 [INFO] Récuperation des status réussi /Applications/MAMP/htdocs/UE4-projet/app/models/m_statuses.php
2025-02-14 00:11:15 [INFO] Récuperation des utilisateurs a réussi /Applications/MAMP/htdocs/UE4-projet/app/models/m_user.php
2025-02-14 00:11:21 [INFO] Fichier init chargée /Applications/MAMP/htdocs/UE4-projet/config/init.php
2025-02-14 00:11:21 [INFO] Connexion à la base de donnée réussi /Applications/MAMP/htdocs/UE4-projet/config/database.php
2025-02-14 00:11:21 [INFO] Fichier init chargée /Applications/MAMP/htdocs/UE4-projet/config/init.php
2025-02-14 00:11:21 [INFO] Connexion à la base de donnée réussi /Applications/MAMP/htdocs/UE4-projet/config/database.php
2025-02-14 00:11:21 [INFO] Récuperation de toutes les annonces publiées a réussi /Applications/MAMP/htdocs/UE4-projet/app/models/m_announcement.php
2025-02-14 00:11:21 [INFO] Récuperation des catégories  réussi /Applications/MAMP/htdocs/UE4-projet/app/models/m_category.php
2025-02-14 00:11:21 [INFO] Récuperation des status réussi /Applications/MAMP/htdocs/UE4-projet/app/models/m_statuses.php
2025-02-14 00:11:21 [INFO] Récuperation des utilisateurs a réussi /Applications/MAMP/htdocs/UE4-projet/app/models/m_user.php
2025-02-14 00:11:43 [INFO] Fichier init chargée /Applications/MAMP/htdocs/UE4-projet/config/init.php
2025-02-14 00:11:43 [INFO] Connexion à la base de donnée réussi /Applications/MAMP/htdocs/UE4-projet/config/database.php
2025-02-14 00:11:43 [INFO] Récuperation de toutes les annonces publiées a réussi /Applications/MAMP/htdocs/UE4-projet/app/models/m_announcement.php
2025-02-14 00:11:43 [INFO] Récuperation des catégories  réussi /Applications/MAMP/htdocs/UE4-projet/app/models/m_category.php
2025-02-14 00:11:43 [INFO] Récuperation des status réussi /Applications/MAMP/htdocs/UE4-projet/app/models/m_statuses.php
2025-02-14 00:11:43 [INFO] Récuperation des utilisateurs a réussi /Applications/MAMP/htdocs/UE4-projet/app/models/m_user.php
2025-02-14 00:11:44 [INFO] Fichier init chargée /Applications/MAMP/htdocs/UE4-projet/config/init.php
2025-02-14 00:11:44 [INFO] Connexion à la base de donnée réussi /Applications/MAMP/htdocs/UE4-projet/config/database.php
2025-02-14 00:11:44 [INFO] Récuperation de toutes les annonces publiées a réussi /Applications/MAMP/htdocs/UE4-projet/app/models/m_announcement.php
2025-02-14 00:11:44 [INFO] Récuperation des catégories  réussi /Applications/MAMP/htdocs/UE4-projet/app/models/m_category.php
2025-02-14 00:11:44 [INFO] Récuperation des status réussi /Applications/MAMP/htdocs/UE4-projet/app/models/m_statuses.php
2025-02-14 00:11:44 [INFO] Récuperation des utilisateurs a réussi /Applications/MAMP/htdocs/UE4-projet/app/models/m_user.php
2025-02-14 00:11:44 [INFO] Fichier init chargée /Applications/MAMP/htdocs/UE4-projet/config/init.php
2025-02-14 00:11:44 [INFO] Connexion à la base de donnée réussi /Applications/MAMP/htdocs/UE4-projet/config/database.php
2025-02-14 00:11:44 [INFO] Récuperation de toutes les annonces publiées a réussi /Applications/MAMP/htdocs/UE4-projet/app/models/m_announcement.php
2025-02-14 00:11:44 [INFO] Récuperation des catégories  réussi /Applications/MAMP/htdocs/UE4-projet/app/models/m_category.php
2025-02-14 00:11:44 [INFO] Récuperation des status réussi /Applications/MAMP/htdocs/UE4-projet/app/models/m_statuses.php
2025-02-14 00:11:44 [INFO] Récuperation des utilisateurs a réussi /Applications/MAMP/htdocs/UE4-projet/app/models/m_user.php
2025-02-14 00:11:45 [INFO] Fichier init chargée /Applications/MAMP/htdocs/UE4-projet/config/init.php
2025-02-14 00:11:45 [INFO] Connexion à la base de donnée réussi /Applications/MAMP/htdocs/UE4-projet/config/database.php
2025-02-14 00:11:45 [INFO] Récuperation de toutes les annonces publiées a réussi /Applications/MAMP/htdocs/UE4-projet/app/models/m_announcement.php
2025-02-14 00:11:45 [INFO] Récuperation des catégories  réussi /Applications/MAMP/htdocs/UE4-projet/app/models/m_category.php
2025-02-14 00:11:45 [INFO] Récuperation des status réussi /Applications/MAMP/htdocs/UE4-projet/app/models/m_statuses.php
2025-02-14 00:11:45 [INFO] Récuperation des utilisateurs a réussi /Applications/MAMP/htdocs/UE4-projet/app/models/m_user.php
2025-02-14 00:11:51 [INFO] Fichier init chargée /Applications/MAMP/htdocs/UE4-projet/config/init.php
2025-02-14 00:11:51 [INFO] Connexion à la base de donnée réussi /Applications/MAMP/htdocs/UE4-projet/config/database.php
2025-02-14 00:11:51 [INFO] Fichier init chargée /Applications/MAMP/htdocs/UE4-projet/config/init.php
2025-02-14 00:11:51 [INFO] Connexion à la base de donnée réussi /Applications/MAMP/htdocs/UE4-projet/config/database.php
2025-02-14 00:11:51 [INFO] Récuperation de toutes les annonces publiées a réussi /Applications/MAMP/htdocs/UE4-projet/app/models/m_announcement.php
2025-02-14 00:11:51 [INFO] Récuperation des catégories  réussi /Applications/MAMP/htdocs/UE4-projet/app/models/m_category.php
2025-02-14 00:11:51 [INFO] Récuperation des status réussi /Applications/MAMP/htdocs/UE4-projet/app/models/m_statuses.php
2025-02-14 00:11:51 [INFO] Récuperation des utilisateurs a réussi /Applications/MAMP/htdocs/UE4-projet/app/models/m_user.php
2025-02-14 00:14:27 [INFO] Fichier init chargée /Applications/MAMP/htdocs/UE4-projet/config/init.php
2025-02-14 00:14:27 [INFO] Connexion à la base de donnée réussi /Applications/MAMP/htdocs/UE4-projet/config/database.php
2025-02-14 00:14:27 [INFO] Récuperation de toutes les annonces publiées a réussi /Applications/MAMP/htdocs/UE4-projet/app/models/m_announcement.php
2025-02-14 00:14:27 [INFO] Récuperation des catégories  réussi /Applications/MAMP/htdocs/UE4-projet/app/models/m_category.php
2025-02-14 00:14:27 [INFO] Récuperation des status réussi /Applications/MAMP/htdocs/UE4-projet/app/models/m_statuses.php
2025-02-14 00:14:27 [INFO] Récuperation des utilisateurs a réussi /Applications/MAMP/htdocs/UE4-projet/app/models/m_user.php
2025-02-14 00:14:33 [INFO] Fichier init chargée /Applications/MAMP/htdocs/UE4-projet/config/init.php
2025-02-14 00:14:33 [INFO] Connexion à la base de donnée réussi /Applications/MAMP/htdocs/UE4-projet/config/database.php
2025-02-14 00:16:31 [INFO] Fichier init chargée /Applications/MAMP/htdocs/UE4-projet/config/init.php
2025-02-14 00:16:31 [INFO] Connexion à la base de donnée réussi /Applications/MAMP/htdocs/UE4-projet/config/database.php
2025-02-14 00:16:31 [INFO] Récuperation de toutes les annonces publiées a réussi /Applications/MAMP/htdocs/UE4-projet/app/models/m_announcement.php
2025-02-14 00:16:31 [INFO] Récuperation des catégories  réussi /Applications/MAMP/htdocs/UE4-projet/app/models/m_category.php
2025-02-14 00:16:31 [INFO] Récuperation des status réussi /Applications/MAMP/htdocs/UE4-projet/app/models/m_statuses.php
2025-02-14 00:16:31 [INFO] Récuperation des utilisateurs a réussi /Applications/MAMP/htdocs/UE4-projet/app/models/m_user.php
2025-02-14 00:16:35 [INFO] Fichier init chargée /Applications/MAMP/htdocs/UE4-projet/config/init.php
2025-02-14 00:16:35 [INFO] Connexion à la base de donnée réussi /Applications/MAMP/htdocs/UE4-projet/config/database.php
2025-02-14 00:16:35 [INFO] Récuperation de toutes les annonces publiées a réussi /Applications/MAMP/htdocs/UE4-projet/app/models/m_announcement.php
2025-02-14 00:16:35 [INFO] Récuperation des catégories  réussi /Applications/MAMP/htdocs/UE4-projet/app/models/m_category.php
2025-02-14 00:16:35 [INFO] Récuperation des status réussi /Applications/MAMP/htdocs/UE4-projet/app/models/m_statuses.php
2025-02-14 00:16:35 [INFO] Récuperation des utilisateurs a réussi /Applications/MAMP/htdocs/UE4-projet/app/models/m_user.php
2025-02-14 00:16:47 [INFO] Fichier init chargée /Applications/MAMP/htdocs/UE4-projet/config/init.php
2025-02-14 00:16:47 [INFO] Connexion à la base de donnée réussi /Applications/MAMP/htdocs/UE4-projet/config/database.php
2025-02-14 00:17:02 [INFO] Fichier init chargée /Applications/MAMP/htdocs/UE4-projet/config/init.php
2025-02-14 00:17:02 [INFO] Connexion à la base de donnée réussi /Applications/MAMP/htdocs/UE4-projet/config/database.php
2025-02-14 00:17:02 [INFO] Récuperation de toutes les annonces publiées a réussi /Applications/MAMP/htdocs/UE4-projet/app/models/m_announcement.php
2025-02-14 00:17:02 [INFO] Récuperation des catégories  réussi /Applications/MAMP/htdocs/UE4-projet/app/models/m_category.php
2025-02-14 00:17:02 [INFO] Récuperation des status réussi /Applications/MAMP/htdocs/UE4-projet/app/models/m_statuses.php
2025-02-14 00:17:02 [INFO] Récuperation des utilisateurs a réussi /Applications/MAMP/htdocs/UE4-projet/app/models/m_user.php
2025-02-14 00:17:04 [INFO] Fichier init chargée /Applications/MAMP/htdocs/UE4-projet/config/init.php
2025-02-14 00:17:04 [INFO] Connexion à la base de donnée réussi /Applications/MAMP/htdocs/UE4-projet/config/database.php
2025-02-14 00:17:04 [INFO] Récuperation de toutes les annonces publiées a réussi /Applications/MAMP/htdocs/UE4-projet/app/models/m_announcement.php
2025-02-14 00:17:04 [INFO] Récuperation des catégories  réussi /Applications/MAMP/htdocs/UE4-projet/app/models/m_category.php
2025-02-14 00:17:04 [INFO] Récuperation des status réussi /Applications/MAMP/htdocs/UE4-projet/app/models/m_statuses.php
2025-02-14 00:17:04 [INFO] Récuperation des utilisateurs a réussi /Applications/MAMP/htdocs/UE4-projet/app/models/m_user.php
2025-02-14 00:17:09 [INFO] Fichier init chargée /Applications/MAMP/htdocs/UE4-projet/config/init.php
2025-02-14 00:17:09 [INFO] Connexion à la base de donnée réussi /Applications/MAMP/htdocs/UE4-projet/config/database.php
2025-02-14 00:19:03 [INFO] Fichier init chargée /Applications/MAMP/htdocs/UE4-projet/config/init.php
2025-02-14 00:19:03 [INFO] Connexion à la base de donnée réussi /Applications/MAMP/htdocs/UE4-projet/config/database.php
2025-02-14 00:19:03 [INFO] Récuperation de toutes les annonces publiées a réussi /Applications/MAMP/htdocs/UE4-projet/app/models/m_announcement.php
2025-02-14 00:19:03 [INFO] Récuperation des catégories  réussi /Applications/MAMP/htdocs/UE4-projet/app/models/m_category.php
2025-02-14 00:19:03 [INFO] Récuperation des status réussi /Applications/MAMP/htdocs/UE4-projet/app/models/m_statuses.php
2025-02-14 00:19:03 [INFO] Récuperation des utilisateurs a réussi /Applications/MAMP/htdocs/UE4-projet/app/models/m_user.php
2025-02-14 00:19:05 [INFO] Fichier init chargée /Applications/MAMP/htdocs/UE4-projet/config/init.php
2025-02-14 00:19:05 [INFO] Connexion à la base de donnée réussi /Applications/MAMP/htdocs/UE4-projet/config/database.php
2025-02-14 00:19:05 [INFO] Récuperation de toutes les annonces publiées a réussi /Applications/MAMP/htdocs/UE4-projet/app/models/m_announcement.php
2025-02-14 00:19:05 [INFO] Récuperation des catégories  réussi /Applications/MAMP/htdocs/UE4-projet/app/models/m_category.php
2025-02-14 00:19:05 [INFO] Récuperation des status réussi /Applications/MAMP/htdocs/UE4-projet/app/models/m_statuses.php
2025-02-14 00:19:05 [INFO] Récuperation des utilisateurs a réussi /Applications/MAMP/htdocs/UE4-projet/app/models/m_user.php
2025-02-14 00:19:05 [INFO] Fichier init chargée /Applications/MAMP/htdocs/UE4-projet/config/init.php
2025-02-14 00:19:05 [INFO] Connexion à la base de donnée réussi /Applications/MAMP/htdocs/UE4-projet/config/database.php
2025-02-14 00:19:05 [INFO] Récuperation de toutes les annonces publiées a réussi /Applications/MAMP/htdocs/UE4-projet/app/models/m_announcement.php
2025-02-14 00:19:05 [INFO] Récuperation des catégories  réussi /Applications/MAMP/htdocs/UE4-projet/app/models/m_category.php
2025-02-14 00:19:05 [INFO] Récuperation des status réussi /Applications/MAMP/htdocs/UE4-projet/app/models/m_statuses.php
2025-02-14 00:19:05 [INFO] Récuperation des utilisateurs a réussi /Applications/MAMP/htdocs/UE4-projet/app/models/m_user.php
2025-02-14 00:19:11 [INFO] Fichier init chargée /Applications/MAMP/htdocs/UE4-projet/config/init.php
2025-02-14 00:19:11 [INFO] Connexion à la base de donnée réussi /Applications/MAMP/htdocs/UE4-projet/config/database.php
2025-02-14 00:19:48 [INFO] Fichier init chargée /Applications/MAMP/htdocs/UE4-projet/config/init.php
2025-02-14 00:19:48 [INFO] Connexion à la base de donnée réussi /Applications/MAMP/htdocs/UE4-projet/config/database.php
2025-02-14 00:19:48 [INFO] Récuperation de toutes les annonces publiées a réussi /Applications/MAMP/htdocs/UE4-projet/app/models/m_announcement.php
2025-02-14 00:19:48 [INFO] Récuperation des catégories  réussi /Applications/MAMP/htdocs/UE4-projet/app/models/m_category.php
2025-02-14 00:19:48 [INFO] Récuperation des status réussi /Applications/MAMP/htdocs/UE4-projet/app/models/m_statuses.php
2025-02-14 00:19:48 [INFO] Récuperation des utilisateurs a réussi /Applications/MAMP/htdocs/UE4-projet/app/models/m_user.php
2025-02-14 00:19:53 [INFO] Fichier init chargée /Applications/MAMP/htdocs/UE4-projet/config/init.php
2025-02-14 00:19:53 [INFO] Connexion à la base de donnée réussi /Applications/MAMP/htdocs/UE4-projet/config/database.php
2025-02-14 00:19:53 [INFO] Récuperation de toutes les annonces publiées a réussi /Applications/MAMP/htdocs/UE4-projet/app/models/m_announcement.php
2025-02-14 00:19:53 [INFO] Récuperation des catégories  réussi /Applications/MAMP/htdocs/UE4-projet/app/models/m_category.php
2025-02-14 00:19:53 [INFO] Récuperation des status réussi /Applications/MAMP/htdocs/UE4-projet/app/models/m_statuses.php
2025-02-14 00:19:53 [INFO] Récuperation des utilisateurs a réussi /Applications/MAMP/htdocs/UE4-projet/app/models/m_user.php
2025-02-14 00:19:53 [INFO] Fichier init chargée /Applications/MAMP/htdocs/UE4-projet/config/init.php
2025-02-14 00:19:53 [INFO] Connexion à la base de donnée réussi /Applications/MAMP/htdocs/UE4-projet/config/database.php
2025-02-14 00:19:53 [INFO] Récuperation de toutes les annonces publiées a réussi /Applications/MAMP/htdocs/UE4-projet/app/models/m_announcement.php
2025-02-14 00:19:53 [INFO] Récuperation des catégories  réussi /Applications/MAMP/htdocs/UE4-projet/app/models/m_category.php
2025-02-14 00:19:53 [INFO] Récuperation des status réussi /Applications/MAMP/htdocs/UE4-projet/app/models/m_statuses.php
2025-02-14 00:19:53 [INFO] Récuperation des utilisateurs a réussi /Applications/MAMP/htdocs/UE4-projet/app/models/m_user.php
2025-02-14 00:19:58 [INFO] Fichier init chargée /Applications/MAMP/htdocs/UE4-projet/config/init.php
2025-02-14 00:19:58 [INFO] Connexion à la base de donnée réussi /Applications/MAMP/htdocs/UE4-projet/config/database.php
2025-02-14 14:56:45 [INFO] Fichier init chargée /Applications/MAMP/htdocs/UE4-projet/config/init.php
2025-02-14 14:56:45 [INFO] Connexion à la base de donnée réussi /Applications/MAMP/htdocs/UE4-projet/config/database.php
2025-02-14 14:56:45 [INFO] Récuperation de toutes les annonces publiées a réussi /Applications/MAMP/htdocs/UE4-projet/app/models/m_announcement.php
2025-02-14 14:56:45 [INFO] Récuperation des catégories  réussi /Applications/MAMP/htdocs/UE4-projet/app/models/m_category.php
2025-02-14 14:56:45 [INFO] Récuperation des status réussi /Applications/MAMP/htdocs/UE4-projet/app/models/m_statuses.php
2025-02-14 14:56:45 [INFO] Récuperation des utilisateurs a réussi /Applications/MAMP/htdocs/UE4-projet/app/models/m_user.php
2025-02-14 14:56:45 [INFO] Fichier init chargée /Applications/MAMP/htdocs/UE4-projet/config/init.php
2025-02-14 14:56:45 [INFO] Connexion à la base de donnée réussi /Applications/MAMP/htdocs/UE4-projet/config/database.php
2025-02-14 14:56:45 [INFO] Récuperation de toutes les annonces publiées a réussi /Applications/MAMP/htdocs/UE4-projet/app/models/m_announcement.php
2025-02-14 14:56:45 [INFO] Récuperation des catégories  réussi /Applications/MAMP/htdocs/UE4-projet/app/models/m_category.php
2025-02-14 14:56:45 [INFO] Récuperation des status réussi /Applications/MAMP/htdocs/UE4-projet/app/models/m_statuses.php
2025-02-14 14:56:45 [INFO] Récuperation des utilisateurs a réussi /Applications/MAMP/htdocs/UE4-projet/app/models/m_user.php
2025-02-14 14:56:47 [INFO] Fichier init chargée /Applications/MAMP/htdocs/UE4-projet/config/init.php
2025-02-14 14:56:47 [INFO] Connexion à la base de donnée réussi /Applications/MAMP/htdocs/UE4-projet/config/database.php
2025-02-14 14:56:47 [INFO] Récuperation de toutes les annonces publiées a réussi /Applications/MAMP/htdocs/UE4-projet/app/models/m_announcement.php
2025-02-14 14:56:47 [INFO] Récuperation des catégories  réussi /Applications/MAMP/htdocs/UE4-projet/app/models/m_category.php
2025-02-14 14:56:47 [INFO] Récuperation des status réussi /Applications/MAMP/htdocs/UE4-projet/app/models/m_statuses.php
2025-02-14 14:56:47 [INFO] Récuperation des utilisateurs a réussi /Applications/MAMP/htdocs/UE4-projet/app/models/m_user.php
2025-02-14 14:56:58 [INFO] Fichier init chargée /Applications/MAMP/htdocs/UE4-projet/config/init.php
2025-02-14 14:56:58 [INFO] Connexion à la base de donnée réussi /Applications/MAMP/htdocs/UE4-projet/config/database.php
2025-02-14 14:57:56 [INFO] Fichier init chargée /Applications/MAMP/htdocs/UE4-projet/config/init.php
2025-02-14 14:57:56 [INFO] Connexion à la base de donnée réussi /Applications/MAMP/htdocs/UE4-projet/config/database.php
2025-02-14 14:57:56 [INFO] Récuperation de toutes les annonces publiées a réussi /Applications/MAMP/htdocs/UE4-projet/app/models/m_announcement.php
2025-02-14 14:57:56 [INFO] Récuperation des catégories  réussi /Applications/MAMP/htdocs/UE4-projet/app/models/m_category.php
2025-02-14 14:57:56 [INFO] Récuperation des status réussi /Applications/MAMP/htdocs/UE4-projet/app/models/m_statuses.php
2025-02-14 14:57:56 [INFO] Récuperation des utilisateurs a réussi /Applications/MAMP/htdocs/UE4-projet/app/models/m_user.php
2025-02-14 14:57:58 [INFO] Fichier init chargée /Applications/MAMP/htdocs/UE4-projet/config/init.php
2025-02-14 14:57:58 [INFO] Connexion à la base de donnée réussi /Applications/MAMP/htdocs/UE4-projet/config/database.php
2025-02-14 14:57:58 [INFO] Récuperation de toutes les annonces publiées a réussi /Applications/MAMP/htdocs/UE4-projet/app/models/m_announcement.php
2025-02-14 14:57:58 [INFO] Récuperation des catégories  réussi /Applications/MAMP/htdocs/UE4-projet/app/models/m_category.php
2025-02-14 14:57:58 [INFO] Récuperation des status réussi /Applications/MAMP/htdocs/UE4-projet/app/models/m_statuses.php
2025-02-14 14:57:58 [INFO] Récuperation des utilisateurs a réussi /Applications/MAMP/htdocs/UE4-projet/app/models/m_user.php
2025-02-14 14:57:58 [INFO] Fichier init chargée /Applications/MAMP/htdocs/UE4-projet/config/init.php
2025-02-14 14:57:58 [INFO] Connexion à la base de donnée réussi /Applications/MAMP/htdocs/UE4-projet/config/database.php
2025-02-14 14:57:58 [INFO] Récuperation de toutes les annonces publiées a réussi /Applications/MAMP/htdocs/UE4-projet/app/models/m_announcement.php
2025-02-14 14:57:58 [INFO] Récuperation des catégories  réussi /Applications/MAMP/htdocs/UE4-projet/app/models/m_category.php
2025-02-14 14:57:58 [INFO] Récuperation des status réussi /Applications/MAMP/htdocs/UE4-projet/app/models/m_statuses.php
2025-02-14 14:57:58 [INFO] Récuperation des utilisateurs a réussi /Applications/MAMP/htdocs/UE4-projet/app/models/m_user.php
2025-02-14 14:57:59 [INFO] Fichier init chargée /Applications/MAMP/htdocs/UE4-projet/config/init.php
2025-02-14 14:57:59 [INFO] Connexion à la base de donnée réussi /Applications/MAMP/htdocs/UE4-projet/config/database.php
2025-02-14 14:57:59 [INFO] Récuperation de toutes les annonces publiées a réussi /Applications/MAMP/htdocs/UE4-projet/app/models/m_announcement.php
2025-02-14 14:57:59 [INFO] Récuperation des catégories  réussi /Applications/MAMP/htdocs/UE4-projet/app/models/m_category.php
2025-02-14 14:57:59 [INFO] Récuperation des status réussi /Applications/MAMP/htdocs/UE4-projet/app/models/m_statuses.php
2025-02-14 14:57:59 [INFO] Récuperation des utilisateurs a réussi /Applications/MAMP/htdocs/UE4-projet/app/models/m_user.php
2025-02-14 14:58:06 [INFO] Fichier init chargée /Applications/MAMP/htdocs/UE4-projet/config/init.php
2025-02-14 14:58:06 [INFO] Connexion à la base de donnée réussi /Applications/MAMP/htdocs/UE4-projet/config/database.php
2025-02-14 14:59:45 [INFO] Fichier init chargée /Applications/MAMP/htdocs/UE4-projet/config/init.php
2025-02-14 14:59:45 [INFO] Connexion à la base de donnée réussi /Applications/MAMP/htdocs/UE4-projet/config/database.php
2025-02-14 14:59:45 [INFO] Récuperation de toutes les annonces publiées a réussi /Applications/MAMP/htdocs/UE4-projet/app/models/m_announcement.php
2025-02-14 14:59:45 [INFO] Récuperation des catégories  réussi /Applications/MAMP/htdocs/UE4-projet/app/models/m_category.php
2025-02-14 14:59:45 [INFO] Récuperation des status réussi /Applications/MAMP/htdocs/UE4-projet/app/models/m_statuses.php
2025-02-14 14:59:45 [INFO] Récuperation des utilisateurs a réussi /Applications/MAMP/htdocs/UE4-projet/app/models/m_user.php
2025-02-14 14:59:47 [INFO] Fichier init chargée /Applications/MAMP/htdocs/UE4-projet/config/init.php
2025-02-14 14:59:47 [INFO] Connexion à la base de donnée réussi /Applications/MAMP/htdocs/UE4-projet/config/database.php
2025-02-14 14:59:47 [INFO] Récuperation de toutes les annonces publiées a réussi /Applications/MAMP/htdocs/UE4-projet/app/models/m_announcement.php
2025-02-14 14:59:47 [INFO] Récuperation des catégories  réussi /Applications/MAMP/htdocs/UE4-projet/app/models/m_category.php
2025-02-14 14:59:47 [INFO] Récuperation des status réussi /Applications/MAMP/htdocs/UE4-projet/app/models/m_statuses.php
2025-02-14 14:59:47 [INFO] Récuperation des utilisateurs a réussi /Applications/MAMP/htdocs/UE4-projet/app/models/m_user.php
2025-02-14 14:59:47 [INFO] Fichier init chargée /Applications/MAMP/htdocs/UE4-projet/config/init.php
2025-02-14 14:59:47 [INFO] Connexion à la base de donnée réussi /Applications/MAMP/htdocs/UE4-projet/config/database.php
2025-02-14 14:59:48 [INFO] Récuperation de toutes les annonces publiées a réussi /Applications/MAMP/htdocs/UE4-projet/app/models/m_announcement.php
2025-02-14 14:59:48 [INFO] Récuperation des catégories  réussi /Applications/MAMP/htdocs/UE4-projet/app/models/m_category.php
2025-02-14 14:59:48 [INFO] Récuperation des status réussi /Applications/MAMP/htdocs/UE4-projet/app/models/m_statuses.php
2025-02-14 14:59:48 [INFO] Récuperation des utilisateurs a réussi /Applications/MAMP/htdocs/UE4-projet/app/models/m_user.php
2025-02-14 14:59:48 [INFO] Fichier init chargée /Applications/MAMP/htdocs/UE4-projet/config/init.php
2025-02-14 14:59:48 [INFO] Connexion à la base de donnée réussi /Applications/MAMP/htdocs/UE4-projet/config/database.php
2025-02-14 14:59:48 [INFO] Récuperation de toutes les annonces publiées a réussi /Applications/MAMP/htdocs/UE4-projet/app/models/m_announcement.php
2025-02-14 14:59:48 [INFO] Récuperation des catégories  réussi /Applications/MAMP/htdocs/UE4-projet/app/models/m_category.php
2025-02-14 14:59:48 [INFO] Récuperation des status réussi /Applications/MAMP/htdocs/UE4-projet/app/models/m_statuses.php
2025-02-14 14:59:48 [INFO] Récuperation des utilisateurs a réussi /Applications/MAMP/htdocs/UE4-projet/app/models/m_user.php
2025-02-14 14:59:51 [INFO] Fichier init chargée /Applications/MAMP/htdocs/UE4-projet/config/init.php
2025-02-14 14:59:51 [INFO] Connexion à la base de donnée réussi /Applications/MAMP/htdocs/UE4-projet/config/database.php
2025-02-14 15:20:16 [INFO] Fichier init chargée /Applications/MAMP/htdocs/UE4-projet/config/init.php
2025-02-14 15:20:16 [INFO] Connexion à la base de donnée réussi /Applications/MAMP/htdocs/UE4-projet/config/database.php
2025-02-14 15:20:16 [INFO] Fichier init chargée /Applications/MAMP/htdocs/UE4-projet/config/init.php
2025-02-14 15:20:16 [INFO] Connexion à la base de donnée réussi /Applications/MAMP/htdocs/UE4-projet/config/database.php
2025-02-14 15:20:16 [INFO] Récuperation de toutes les annonces publiées a réussi /Applications/MAMP/htdocs/UE4-projet/app/models/m_announcement.php
2025-02-14 15:20:16 [INFO] Récuperation des catégories  réussi /Applications/MAMP/htdocs/UE4-projet/app/models/m_category.php
2025-02-14 15:20:16 [INFO] Récuperation des status réussi /Applications/MAMP/htdocs/UE4-projet/app/models/m_statuses.php
2025-02-14 15:20:16 [INFO] Récuperation des utilisateurs a réussi /Applications/MAMP/htdocs/UE4-projet/app/models/m_user.php
2025-02-14 15:20:31 [INFO] Fichier init chargée /Applications/MAMP/htdocs/UE4-projet/config/init.php
2025-02-14 15:20:31 [INFO] Connexion à la base de donnée réussi /Applications/MAMP/htdocs/UE4-projet/config/database.php
2025-02-14 15:20:31 [INFO] Fichier init chargée /Applications/MAMP/htdocs/UE4-projet/config/init.php
2025-02-14 15:20:31 [INFO] Connexion à la base de donnée réussi /Applications/MAMP/htdocs/UE4-projet/config/database.php
2025-02-14 15:20:31 [INFO] Récuperation de toutes les annonces publiées a réussi /Applications/MAMP/htdocs/UE4-projet/app/models/m_announcement.php
2025-02-14 15:20:31 [INFO] Récuperation des catégories  réussi /Applications/MAMP/htdocs/UE4-projet/app/models/m_category.php
2025-02-14 15:20:31 [INFO] Récuperation des status réussi /Applications/MAMP/htdocs/UE4-projet/app/models/m_statuses.php
2025-02-14 15:20:31 [INFO] Récuperation des utilisateurs a réussi /Applications/MAMP/htdocs/UE4-projet/app/models/m_user.php
2025-02-14 15:20:39 [INFO] Fichier init chargée /Applications/MAMP/htdocs/UE4-projet/config/init.php
2025-02-14 15:20:39 [INFO] Connexion à la base de donnée réussi /Applications/MAMP/htdocs/UE4-projet/config/database.php
2025-02-14 15:20:39 [INFO] Fichier init chargée /Applications/MAMP/htdocs/UE4-projet/config/init.php
2025-02-14 15:20:39 [INFO] Connexion à la base de donnée réussi /Applications/MAMP/htdocs/UE4-projet/config/database.php
2025-02-14 15:20:39 [INFO] Récuperation de toutes les annonces publiées a réussi /Applications/MAMP/htdocs/UE4-projet/app/models/m_announcement.php
2025-02-14 15:20:39 [INFO] Récuperation des catégories  réussi /Applications/MAMP/htdocs/UE4-projet/app/models/m_category.php
2025-02-14 15:20:39 [INFO] Récuperation des status réussi /Applications/MAMP/htdocs/UE4-projet/app/models/m_statuses.php
2025-02-14 15:20:39 [INFO] Récuperation des utilisateurs a réussi /Applications/MAMP/htdocs/UE4-projet/app/models/m_user.php
2025-02-14 15:22:49 [INFO] Fichier init chargée /Applications/MAMP/htdocs/UE4-projet/config/init.php
2025-02-14 15:22:49 [INFO] Connexion à la base de donnée réussi /Applications/MAMP/htdocs/UE4-projet/config/database.php
2025-02-14 15:22:49 [INFO] Récuperation de toutes les annonces publiées a réussi /Applications/MAMP/htdocs/UE4-projet/app/models/m_announcement.php
2025-02-14 15:22:49 [INFO] Récuperation des catégories  réussi /Applications/MAMP/htdocs/UE4-projet/app/models/m_category.php
2025-02-14 15:22:49 [INFO] Récuperation des status réussi /Applications/MAMP/htdocs/UE4-projet/app/models/m_statuses.php
2025-02-14 15:22:49 [INFO] Récuperation des utilisateurs a réussi /Applications/MAMP/htdocs/UE4-projet/app/models/m_user.php
2025-02-14 15:22:55 [INFO] Fichier init chargée /Applications/MAMP/htdocs/UE4-projet/config/init.php
2025-02-14 15:22:55 [INFO] Connexion à la base de donnée réussi /Applications/MAMP/htdocs/UE4-projet/config/database.php
2025-02-14 15:22:55 [INFO] Fichier init chargée /Applications/MAMP/htdocs/UE4-projet/config/init.php
2025-02-14 15:22:55 [INFO] Connexion à la base de donnée réussi /Applications/MAMP/htdocs/UE4-projet/config/database.php
2025-02-14 15:22:55 [INFO] Récuperation de toutes les annonces publiées a réussi /Applications/MAMP/htdocs/UE4-projet/app/models/m_announcement.php
2025-02-14 15:22:55 [INFO] Récuperation des catégories  réussi /Applications/MAMP/htdocs/UE4-projet/app/models/m_category.php
2025-02-14 15:22:55 [INFO] Récuperation des status réussi /Applications/MAMP/htdocs/UE4-projet/app/models/m_statuses.php
2025-02-14 15:22:55 [INFO] Récuperation des utilisateurs a réussi /Applications/MAMP/htdocs/UE4-projet/app/models/m_user.php
2025-02-14 15:24:57 [INFO] Fichier init chargée /Applications/MAMP/htdocs/UE4-projet/config/init.php
2025-02-14 15:24:57 [INFO] Connexion à la base de donnée réussi /Applications/MAMP/htdocs/UE4-projet/config/database.php
2025-02-14 15:24:57 [INFO] Récuperation de toutes les annonces publiées a réussi /Applications/MAMP/htdocs/UE4-projet/app/models/m_announcement.php
2025-02-14 15:24:57 [INFO] Récuperation des catégories  réussi /Applications/MAMP/htdocs/UE4-projet/app/models/m_category.php
2025-02-14 15:24:57 [INFO] Récuperation des status réussi /Applications/MAMP/htdocs/UE4-projet/app/models/m_statuses.php
2025-02-14 15:24:57 [INFO] Récuperation des utilisateurs a réussi /Applications/MAMP/htdocs/UE4-projet/app/models/m_user.php
2025-02-14 15:25:01 [INFO] Fichier init chargée /Applications/MAMP/htdocs/UE4-projet/config/init.php
2025-02-14 15:25:01 [INFO] Connexion à la base de donnée réussi /Applications/MAMP/htdocs/UE4-projet/config/database.php
2025-02-14 15:25:01 [INFO] Fichier init chargée /Applications/MAMP/htdocs/UE4-projet/config/init.php
2025-02-14 15:25:01 [INFO] Connexion à la base de donnée réussi /Applications/MAMP/htdocs/UE4-projet/config/database.php
2025-02-14 15:25:01 [INFO] Récuperation de toutes les annonces publiées a réussi /Applications/MAMP/htdocs/UE4-projet/app/models/m_announcement.php
2025-02-14 15:25:01 [INFO] Récuperation des catégories  réussi /Applications/MAMP/htdocs/UE4-projet/app/models/m_category.php
2025-02-14 15:25:01 [INFO] Récuperation des status réussi /Applications/MAMP/htdocs/UE4-projet/app/models/m_statuses.php
2025-02-14 15:25:01 [INFO] Récuperation des utilisateurs a réussi /Applications/MAMP/htdocs/UE4-projet/app/models/m_user.php
