2025-02-28 16:10:41 [INFO] Fichier init chargée /Users/mamadou/Sites/UE4-projet/config/init.php
2025-02-28 16:10:41 [INFO] Connexion à la base de donnée réussi /Users/mamadou/Sites/UE4-projet/config/database.php
2025-02-28 16:10:41 [INFO] Récuperation de toutes les annonces publiées a réussi /Users/mamadou/Sites/UE4-projet/app/models/m_announcement.php
2025-02-28 16:11:01 [INFO] Fichier init chargée /Users/mamadou/Sites/UE4-projet/config/init.php
2025-02-28 16:11:01 [INFO] Connexion à la base de donnée réussi /Users/mamadou/Sites/UE4-projet/config/database.php
2025-02-28 16:11:04 [INFO] Fichier init chargée /Users/mamadou/Sites/UE4-projet/config/init.php
2025-02-28 16:11:04 [INFO] Connexion à la base de donnée réussi /Users/mamadou/Sites/UE4-projet/config/database.php
2025-02-28 16:11:04 [INFO] Récuperation de toutes les annonces publiées a réussi /Users/mamadou/Sites/UE4-projet/app/models/m_announcement.php
2025-02-28 16:11:09 [INFO] Fichier init chargée /Users/mamadou/Sites/UE4-projet/config/init.php
2025-02-28 16:11:09 [INFO] Connexion à la base de donnée réussi /Users/mamadou/Sites/UE4-projet/config/database.php
2025-02-28 16:11:10 [INFO] Fichier init chargée /Users/mamadou/Sites/UE4-projet/config/init.php
2025-02-28 16:11:10 [INFO] Connexion à la base de donnée réussi /Users/mamadou/Sites/UE4-projet/config/database.php
2025-02-28 16:11:10 [INFO] Fichier init chargée /Users/mamadou/Sites/UE4-projet/config/init.php
2025-02-28 16:11:10 [INFO] Connexion à la base de donnée réussi /Users/mamadou/Sites/UE4-projet/config/database.php
2025-02-28 16:11:10 [INFO] Récuperation de toutes les annonces publiées a réussi /Users/mamadou/Sites/UE4-projet/app/models/m_announcement.php
2025-02-28 16:11:35 [INFO] Fichier init chargée /Users/mamadou/Sites/UE4-projet/config/init.php
2025-02-28 16:11:35 [INFO] Connexion à la base de donnée réussi /Users/mamadou/Sites/UE4-projet/config/database.php
2025-02-28 16:11:36 [INFO] Fichier init chargée /Users/mamadou/Sites/UE4-projet/config/init.php
2025-02-28 16:11:36 [INFO] Connexion à la base de donnée réussi /Users/mamadou/Sites/UE4-projet/config/database.php
2025-02-28 16:11:38 [INFO] Fichier init chargée /Users/mamadou/Sites/UE4-projet/config/init.php
2025-02-28 16:11:38 [INFO] Connexion à la base de donnée réussi /Users/mamadou/Sites/UE4-projet/config/database.php
2025-02-28 16:11:38 [INFO] Récuperation de toutes les annonces publiées a réussi /Users/mamadou/Sites/UE4-projet/app/models/m_announcement.php
2025-02-28 16:11:38 [INFO] Récuperation des catégories  réussi /Users/mamadou/Sites/UE4-projet/app/models/m_category.php
2025-02-28 16:11:38 [INFO] Récuperation des états réussi /Users/mamadou/Sites/UE4-projet/app/models/m_state.php
2025-02-28 16:12:37 [INFO] Fichier init chargée /Users/mamadou/Sites/UE4-projet/config/init.php
2025-02-28 16:12:37 [INFO] Connexion à la base de donnée réussi /Users/mamadou/Sites/UE4-projet/config/database.php
2025-02-28 16:12:43 [INFO] Fichier init chargée /Users/mamadou/Sites/UE4-projet/config/init.php
2025-02-28 16:12:43 [INFO] Connexion à la base de donnée réussi /Users/mamadou/Sites/UE4-projet/config/database.php
2025-02-28 16:12:43 [INFO] Récuperation de toutes les annonces publiées a réussi /Users/mamadou/Sites/UE4-projet/app/models/m_announcement.php
2025-02-28 16:13:31 [INFO] Fichier init chargée /Users/mamadou/Sites/UE4-projet/config/init.php
2025-02-28 16:13:37 [INFO] Fichier init chargée /Users/mamadou/Sites/UE4-projet/config/init.php
2025-02-28 16:13:37 [INFO] Connexion à la base de donnée réussi /Users/mamadou/Sites/UE4-projet/config/database.php
2025-02-28 16:13:37 [INFO] Récuperation de toutes les annonces publiées a réussi /Users/mamadou/Sites/UE4-projet/app/models/m_announcement.php
2025-02-28 16:13:37 [INFO] Récuperation des catégories  réussi /Users/mamadou/Sites/UE4-projet/app/models/m_category.php
2025-02-28 16:13:37 [INFO] Récuperation des états réussi /Users/mamadou/Sites/UE4-projet/app/models/m_state.php
2025-02-28 16:13:38 [INFO] Fichier init chargée /Users/mamadou/Sites/UE4-projet/config/init.php
2025-02-28 16:14:10 [INFO] Fichier init chargée /Users/mamadou/Sites/UE4-projet/config/init.php
2025-02-28 16:14:10 [INFO] Connexion à la base de donnée réussi /Users/mamadou/Sites/UE4-projet/config/database.php
2025-02-28 16:14:10 [INFO] Récuperation de toutes les annonces publiées a réussi /Users/mamadou/Sites/UE4-projet/app/models/m_announcement.php
2025-02-28 16:14:13 [INFO] Fichier init chargée /Users/mamadou/Sites/UE4-projet/config/init.php
2025-02-28 16:14:13 [INFO] Connexion à la base de donnée réussi /Users/mamadou/Sites/UE4-projet/config/database.php
2025-02-28 16:14:13 [INFO] Récuperation de l'annonce  ID : (1) a  réussi /Users/mamadou/Sites/UE4-projet/app/models/m_announcement.php
2025-02-28 16:14:42 [INFO] Fichier init chargée /Users/mamadou/Sites/UE4-projet/config/init.php
2025-02-28 16:14:42 [INFO] Connexion à la base de donnée réussi /Users/mamadou/Sites/UE4-projet/config/database.php
2025-02-28 16:14:42 [INFO] Récuperation de toutes les annonces publiées a réussi /Users/mamadou/Sites/UE4-projet/app/models/m_announcement.php
2025-02-28 16:21:14 [INFO] Fichier init chargée /Users/mamadou/Sites/UE4-projet/config/init.php
2025-02-28 16:21:14 [INFO] Connexion à la base de donnée réussi /Users/mamadou/Sites/UE4-projet/config/database.php
2025-02-28 16:21:14 [INFO] Récuperation de l'annonce  ID : (2) a  réussi /Users/mamadou/Sites/UE4-projet/app/models/m_announcement.php
2025-02-28 16:28:39 [INFO] Fichier init chargée /Users/mamadou/Sites/UE4-projet/config/init.php
2025-02-28 16:28:39 [INFO] Connexion à la base de donnée réussi /Users/mamadou/Sites/UE4-projet/config/database.php
2025-02-28 16:28:39 [INFO] Récuperation de l'annonce  ID : (2) a  réussi /Users/mamadou/Sites/UE4-projet/app/models/m_announcement.php
2025-02-28 16:29:11 [INFO] Fichier init chargée /Users/mamadou/Sites/UE4-projet/config/init.php
2025-02-28 16:29:11 [INFO] Connexion à la base de donnée réussi /Users/mamadou/Sites/UE4-projet/config/database.php
2025-02-28 16:29:11 [INFO] Récuperation de toutes les annonces publiées a réussi /Users/mamadou/Sites/UE4-projet/app/models/m_announcement.php
2025-02-28 16:30:48 [INFO] Fichier init chargée /Users/mamadou/Sites/UE4-projet/config/init.php
2025-02-28 16:30:48 [INFO] Connexion à la base de donnée réussi /Users/mamadou/Sites/UE4-projet/config/database.php
2025-02-28 16:30:48 [INFO] Récuperation de l'annonce  ID : (6) a  réussi /Users/mamadou/Sites/UE4-projet/app/models/m_announcement.php
2025-02-28 16:33:12 [INFO] Fichier init chargée /Users/mamadou/Sites/UE4-projet/config/init.php
2025-02-28 16:33:12 [INFO] Connexion à la base de donnée réussi /Users/mamadou/Sites/UE4-projet/config/database.php
2025-02-28 16:33:12 [INFO] Récuperation de l'annonce  ID : (6) a  réussi /Users/mamadou/Sites/UE4-projet/app/models/m_announcement.php
2025-02-28 16:33:15 [INFO] Fichier init chargée /Users/mamadou/Sites/UE4-projet/config/init.php
2025-02-28 16:33:15 [INFO] Connexion à la base de donnée réussi /Users/mamadou/Sites/UE4-projet/config/database.php
2025-02-28 16:33:31 [INFO] Fichier init chargée /Users/mamadou/Sites/UE4-projet/config/init.php
2025-02-28 16:33:31 [INFO] Connexion à la base de donnée réussi /Users/mamadou/Sites/UE4-projet/config/database.php
2025-02-28 16:33:31 [INFO] Récuperation de l'annonce  ID : (6) a  réussi /Users/mamadou/Sites/UE4-projet/app/models/m_announcement.php
2025-02-28 16:33:31 [INFO] Fichier init chargée /Users/mamadou/Sites/UE4-projet/config/init.php
2025-02-28 16:33:31 [INFO] Connexion à la base de donnée réussi /Users/mamadou/Sites/UE4-projet/config/database.php
2025-02-28 16:33:31 [INFO] Récuperation de l'annonce  ID : (6) a  réussi /Users/mamadou/Sites/UE4-projet/app/models/m_announcement.php
2025-02-28 16:33:33 [INFO] Fichier init chargée /Users/mamadou/Sites/UE4-projet/config/init.php
2025-02-28 16:33:33 [INFO] Connexion à la base de donnée réussi /Users/mamadou/Sites/UE4-projet/config/database.php
2025-02-28 16:33:33 [INFO] Récuperation de toutes les annonces publiées a réussi /Users/mamadou/Sites/UE4-projet/app/models/m_announcement.php
2025-02-28 16:33:33 [INFO] Récuperation des catégories  réussi /Users/mamadou/Sites/UE4-projet/app/models/m_category.php
2025-02-28 16:33:33 [INFO] Récuperation des états réussi /Users/mamadou/Sites/UE4-projet/app/models/m_state.php
2025-02-28 16:33:53 [INFO] Fichier init chargée /Users/mamadou/Sites/UE4-projet/config/init.php
2025-02-28 16:33:53 [INFO] Connexion à la base de donnée réussi /Users/mamadou/Sites/UE4-projet/config/database.php
2025-02-28 16:34:59 [INFO] Fichier init chargée /Users/mamadou/Sites/UE4-projet/config/init.php
2025-02-28 16:34:59 [INFO] Connexion à la base de donnée réussi /Users/mamadou/Sites/UE4-projet/config/database.php
2025-02-28 16:34:59 [INFO] Récuperation de l'annonce  ID : (8) a  réussi /Users/mamadou/Sites/UE4-projet/app/models/m_announcement.php
2025-02-28 16:45:41 [INFO] Fichier init chargée /Users/mamadou/Sites/UE4-projet/config/init.php
2025-02-28 16:45:41 [INFO] Connexion à la base de donnée réussi /Users/mamadou/Sites/UE4-projet/config/database.php
2025-02-28 16:45:41 [INFO] Récuperation de l'annonce  ID : (8) a  réussi /Users/mamadou/Sites/UE4-projet/app/models/m_announcement.php
2025-02-28 16:45:49 [INFO] Fichier init chargée /Users/mamadou/Sites/UE4-projet/config/init.php
2025-02-28 16:45:49 [INFO] Connexion à la base de donnée réussi /Users/mamadou/Sites/UE4-projet/config/database.php
2025-02-28 16:45:49 [INFO] Récuperation de l'annonce  ID : (8) a  réussi /Users/mamadou/Sites/UE4-projet/app/models/m_announcement.php
2025-02-28 16:45:52 [INFO] Fichier init chargée /Users/mamadou/Sites/UE4-projet/config/init.php
2025-02-28 16:45:52 [INFO] Connexion à la base de donnée réussi /Users/mamadou/Sites/UE4-projet/config/database.php
2025-02-28 16:45:52 [INFO] Récuperation de l'annonce  ID : (8) a  réussi /Users/mamadou/Sites/UE4-projet/app/models/m_announcement.php
2025-02-28 16:45:58 [INFO] Fichier init chargée /Users/mamadou/Sites/UE4-projet/config/init.php
2025-02-28 16:45:58 [INFO] Connexion à la base de donnée réussi /Users/mamadou/Sites/UE4-projet/config/database.php
2025-02-28 16:46:07 [INFO] Fichier init chargée /Users/mamadou/Sites/UE4-projet/config/init.php
2025-02-28 16:46:07 [INFO] Connexion à la base de donnée réussi /Users/mamadou/Sites/UE4-projet/config/database.php
2025-02-28 16:46:07 [INFO] Fichier init chargée /Users/mamadou/Sites/UE4-projet/config/init.php
2025-02-28 16:46:07 [INFO] Connexion à la base de donnée réussi /Users/mamadou/Sites/UE4-projet/config/database.php
2025-02-28 16:46:08 [INFO] Fichier init chargée /Users/mamadou/Sites/UE4-projet/config/init.php
2025-02-28 16:46:08 [INFO] Connexion à la base de donnée réussi /Users/mamadou/Sites/UE4-projet/config/database.php
2025-02-28 16:46:08 [INFO] Fichier init chargée /Users/mamadou/Sites/UE4-projet/config/init.php
2025-02-28 16:46:08 [INFO] Connexion à la base de donnée réussi /Users/mamadou/Sites/UE4-projet/config/database.php
2025-02-28 16:46:08 [INFO] Fichier init chargée /Users/mamadou/Sites/UE4-projet/config/init.php
2025-02-28 16:46:08 [INFO] Connexion à la base de donnée réussi /Users/mamadou/Sites/UE4-projet/config/database.php
2025-02-28 16:46:10 [INFO] Fichier init chargée /Users/mamadou/Sites/UE4-projet/config/init.php
2025-02-28 16:46:10 [INFO] Connexion à la base de donnée réussi /Users/mamadou/Sites/UE4-projet/config/database.php
2025-02-28 16:46:47 [INFO] Fichier init chargée /Users/mamadou/Sites/UE4-projet/config/init.php
2025-02-28 16:46:47 [INFO] Connexion à la base de donnée réussi /Users/mamadou/Sites/UE4-projet/config/database.php
2025-02-28 16:46:48 [INFO] Fichier init chargée /Users/mamadou/Sites/UE4-projet/config/init.php
2025-02-28 16:46:48 [INFO] Connexion à la base de donnée réussi /Users/mamadou/Sites/UE4-projet/config/database.php
2025-02-28 16:46:48 [INFO] Fichier init chargée /Users/mamadou/Sites/UE4-projet/config/init.php
2025-02-28 16:46:48 [INFO] Connexion à la base de donnée réussi /Users/mamadou/Sites/UE4-projet/config/database.php
