2025-02-25 16:10:32 [INFO] Fichier init chargée /Users/mamadou/Sites/UE4-projet/config/init.php
2025-02-25 16:10:32 [INFO] Connexion à la base de donnée réussi /Users/mamadou/Sites/UE4-projet/config/database.php
2025-02-25 16:10:32 [INFO] Récuperation de toutes les annonces publiées a réussi /Users/mamadou/Sites/UE4-projet/app/models/m_announcement.php
2025-02-25 16:10:32 [INFO] Fichier init chargée /Users/mamadou/Sites/UE4-projet/config/init.php
2025-02-25 16:10:32 [INFO] Connexion à la base de donnée réussi /Users/mamadou/Sites/UE4-projet/config/database.php
2025-02-25 16:10:32 [INFO] Récuperation de toutes les annonces publiées a réussi /Users/mamadou/Sites/UE4-projet/app/models/m_announcement.php
2025-02-25 16:10:32 [INFO] Fichier init chargée /Users/mamadou/Sites/UE4-projet/config/init.php
2025-02-25 16:10:32 [INFO] Connexion à la base de donnée réussi /Users/mamadou/Sites/UE4-projet/config/database.php
2025-02-25 16:10:32 [INFO] Récuperation de toutes les annonces publiées a réussi /Users/mamadou/Sites/UE4-projet/app/models/m_announcement.php
2025-02-25 16:10:35 [INFO] Fichier init chargée /Users/mamadou/Sites/UE4-projet/config/init.php
2025-02-25 16:10:35 [INFO] Connexion à la base de donnée réussi /Users/mamadou/Sites/UE4-projet/config/database.php
2025-02-25 16:10:35 [INFO] Récuperation de toutes les annonces publiées a réussi /Users/mamadou/Sites/UE4-projet/app/models/m_announcement.php
2025-02-25 16:10:35 [INFO] Fichier init chargée /Users/mamadou/Sites/UE4-projet/config/init.php
2025-02-25 16:10:35 [INFO] Connexion à la base de donnée réussi /Users/mamadou/Sites/UE4-projet/config/database.php
2025-02-25 16:10:35 [INFO] Récuperation de toutes les annonces publiées a réussi /Users/mamadou/Sites/UE4-projet/app/models/m_announcement.php
2025-02-25 16:10:35 [INFO] Fichier init chargée /Users/mamadou/Sites/UE4-projet/config/init.php
2025-02-25 16:10:35 [INFO] Connexion à la base de donnée réussi /Users/mamadou/Sites/UE4-projet/config/database.php
2025-02-25 16:10:35 [INFO] Récuperation de toutes les annonces publiées a réussi /Users/mamadou/Sites/UE4-projet/app/models/m_announcement.php
2025-02-25 16:10:37 [INFO] Fichier init chargée /Users/mamadou/Sites/UE4-projet/config/init.php
2025-02-25 16:10:37 [INFO] Connexion à la base de donnée réussi /Users/mamadou/Sites/UE4-projet/config/database.php
2025-02-25 16:10:37 [INFO] Récuperation de toutes les annonces publiées a réussi /Users/mamadou/Sites/UE4-projet/app/models/m_announcement.php
2025-02-25 16:10:37 [INFO] Fichier init chargée /Users/mamadou/Sites/UE4-projet/config/init.php
2025-02-25 16:10:37 [INFO] Connexion à la base de donnée réussi /Users/mamadou/Sites/UE4-projet/config/database.php
2025-02-25 16:10:37 [INFO] Récuperation de toutes les annonces publiées a réussi /Users/mamadou/Sites/UE4-projet/app/models/m_announcement.php
2025-02-25 16:10:37 [INFO] Fichier init chargée /Users/mamadou/Sites/UE4-projet/config/init.php
2025-02-25 16:10:37 [INFO] Connexion à la base de donnée réussi /Users/mamadou/Sites/UE4-projet/config/database.php
2025-02-25 16:10:37 [INFO] Récuperation de toutes les annonces publiées a réussi /Users/mamadou/Sites/UE4-projet/app/models/m_announcement.php
2025-02-25 16:10:55 [INFO] Fichier init chargée /Users/mamadou/Sites/UE4-projet/config/init.php
2025-02-25 16:10:55 [INFO] Connexion à la base de donnée réussi /Users/mamadou/Sites/UE4-projet/config/database.php
2025-02-25 16:10:55 [INFO] Récuperation de toutes les annonces publiées a réussi /Users/mamadou/Sites/UE4-projet/app/models/m_announcement.php
2025-02-25 16:10:59 [INFO] Fichier init chargée /Users/mamadou/Sites/UE4-projet/config/init.php
2025-02-25 16:10:59 [INFO] Connexion à la base de donnée réussi /Users/mamadou/Sites/UE4-projet/config/database.php
2025-02-25 16:10:59 [INFO] Récuperation de toutes les annonces publiées a réussi /Users/mamadou/Sites/UE4-projet/app/models/m_announcement.php
2025-02-25 16:15:23 [INFO] Fichier init chargée /Users/mamadou/Sites/UE4-projet/config/init.php
2025-02-25 16:15:23 [INFO] Connexion à la base de donnée réussi /Users/mamadou/Sites/UE4-projet/config/database.php
2025-02-25 16:15:23 [INFO] Récuperation de toutes les annonces publiées a réussi /Users/mamadou/Sites/UE4-projet/app/models/m_announcement.php
2025-02-25 16:15:47 [INFO] Fichier init chargée /Users/mamadou/Sites/UE4-projet/config/init.php
2025-02-25 16:15:47 [INFO] Connexion à la base de donnée réussi /Users/mamadou/Sites/UE4-projet/config/database.php
2025-02-25 16:15:50 [INFO] Fichier init chargée /Users/mamadou/Sites/UE4-projet/config/init.php
2025-02-25 16:15:50 [INFO] Connexion à la base de donnée réussi /Users/mamadou/Sites/UE4-projet/config/database.php
2025-02-25 16:15:50 [INFO] Récuperation de toutes les annonces publiées a réussi /Users/mamadou/Sites/UE4-projet/app/models/m_announcement.php
2025-02-25 16:24:40 [INFO] Fichier init chargée /Users/mamadou/Sites/UE4-projet/config/init.php
2025-02-25 16:24:40 [INFO] Connexion à la base de donnée réussi /Users/mamadou/Sites/UE4-projet/config/database.php
2025-02-25 16:25:10 [INFO] Fichier init chargée /Users/mamadou/Sites/UE4-projet/config/init.php
2025-02-25 16:25:10 [INFO] Connexion à la base de donnée réussi /Users/mamadou/Sites/UE4-projet/config/database.php
2025-02-25 16:25:10 [INFO] Récuperation d\'un utilisateur par email réussi /Users/mamadou/Sites/UE4-projet/app/models/m_user.php
2025-02-25 16:25:10 [INFO] Mise à jour de la dernière connexion de l'utilisateur ID (1) a réussi /Users/mamadou/Sites/UE4-projet/app/models/m_user.php
2025-02-25 16:25:13 [INFO] Fichier init chargée /Users/mamadou/Sites/UE4-projet/config/init.php
2025-02-25 16:25:13 [INFO] Connexion à la base de donnée réussi /Users/mamadou/Sites/UE4-projet/config/database.php
2025-02-25 16:25:13 [INFO] Récuperation de toutes les annonces publiées a réussi /Users/mamadou/Sites/UE4-projet/app/models/m_announcement.php
2025-02-25 16:25:14 [INFO] Fichier init chargée /Users/mamadou/Sites/UE4-projet/config/init.php
2025-02-25 16:25:14 [INFO] Connexion à la base de donnée réussi /Users/mamadou/Sites/UE4-projet/config/database.php
2025-02-25 16:26:15 [INFO] Fichier init chargée /Users/mamadou/Sites/UE4-projet/config/init.php
2025-02-25 16:26:15 [INFO] Connexion à la base de donnée réussi /Users/mamadou/Sites/UE4-projet/config/database.php
2025-02-25 16:26:15 [INFO] Récuperation d\'un utilisateur par email réussi /Users/mamadou/Sites/UE4-projet/app/models/m_user.php
2025-02-25 16:30:19 [INFO] Fichier init chargée /Users/mamadou/Sites/UE4-projet/config/init.php
2025-02-25 16:30:19 [INFO] Connexion à la base de donnée réussi /Users/mamadou/Sites/UE4-projet/config/database.php
2025-02-25 16:34:36 [INFO] Fichier init chargée /Users/mamadou/Sites/UE4-projet/config/init.php
2025-02-25 16:34:36 [INFO] Connexion à la base de donnée réussi /Users/mamadou/Sites/UE4-projet/config/database.php
2025-02-25 16:34:36 [INFO] Insertion d\'un utilisateur réussi /Users/mamadou/Sites/UE4-projet/app/models/m_user.php
2025-02-25 16:34:38 [INFO] Fichier init chargée /Users/mamadou/Sites/UE4-projet/config/init.php
2025-02-25 16:34:38 [INFO] Connexion à la base de donnée réussi /Users/mamadou/Sites/UE4-projet/config/database.php
2025-02-25 16:34:38 [INFO] Récuperation de toutes les annonces publiées a réussi /Users/mamadou/Sites/UE4-projet/app/models/m_announcement.php
2025-02-25 16:34:59 [INFO] Fichier init chargée /Users/mamadou/Sites/UE4-projet/config/init.php
2025-02-25 16:34:59 [INFO] Connexion à la base de donnée réussi /Users/mamadou/Sites/UE4-projet/config/database.php
2025-02-25 16:35:00 [INFO] Fichier init chargée /Users/mamadou/Sites/UE4-projet/config/init.php
2025-02-25 16:35:00 [INFO] Connexion à la base de donnée réussi /Users/mamadou/Sites/UE4-projet/config/database.php
2025-02-25 16:35:03 [INFO] Fichier init chargée /Users/mamadou/Sites/UE4-projet/config/init.php
2025-02-25 16:35:03 [INFO] Connexion à la base de donnée réussi /Users/mamadou/Sites/UE4-projet/config/database.php
2025-02-25 16:35:05 [INFO] Fichier init chargée /Users/mamadou/Sites/UE4-projet/config/init.php
2025-02-25 16:35:05 [INFO] Connexion à la base de donnée réussi /Users/mamadou/Sites/UE4-projet/config/database.php
2025-02-25 16:36:32 [INFO] Fichier init chargée /Users/mamadou/Sites/UE4-projet/config/init.php
2025-02-25 16:36:32 [INFO] Connexion à la base de donnée réussi /Users/mamadou/Sites/UE4-projet/config/database.php
2025-02-25 16:36:36 [INFO] Fichier init chargée /Users/mamadou/Sites/UE4-projet/config/init.php
2025-02-25 16:36:36 [INFO] Connexion à la base de donnée réussi /Users/mamadou/Sites/UE4-projet/config/database.php
2025-02-25 16:36:38 [INFO] Fichier init chargée /Users/mamadou/Sites/UE4-projet/config/init.php
2025-02-25 16:36:38 [INFO] Connexion à la base de donnée réussi /Users/mamadou/Sites/UE4-projet/config/database.php
2025-02-25 16:36:40 [INFO] Fichier init chargée /Users/mamadou/Sites/UE4-projet/config/init.php
2025-02-25 16:36:40 [INFO] Connexion à la base de donnée réussi /Users/mamadou/Sites/UE4-projet/config/database.php
2025-02-25 16:36:58 [INFO] Fichier init chargée /Users/mamadou/Sites/UE4-projet/config/init.php
2025-02-25 16:36:58 [INFO] Connexion à la base de donnée réussi /Users/mamadou/Sites/UE4-projet/config/database.php
2025-02-25 16:37:03 [INFO] Fichier init chargée /Users/mamadou/Sites/UE4-projet/config/init.php
2025-02-25 16:37:03 [INFO] Connexion à la base de donnée réussi /Users/mamadou/Sites/UE4-projet/config/database.php
2025-02-25 16:37:33 [INFO] Fichier init chargée /Users/mamadou/Sites/UE4-projet/config/init.php
2025-02-25 16:37:33 [INFO] Connexion à la base de donnée réussi /Users/mamadou/Sites/UE4-projet/config/database.php
2025-02-25 16:37:34 [INFO] Fichier init chargée /Users/mamadou/Sites/UE4-projet/config/init.php
2025-02-25 16:37:34 [INFO] Connexion à la base de donnée réussi /Users/mamadou/Sites/UE4-projet/config/database.php
2025-02-25 16:37:36 [INFO] Fichier init chargée /Users/mamadou/Sites/UE4-projet/config/init.php
2025-02-25 16:37:36 [INFO] Connexion à la base de donnée réussi /Users/mamadou/Sites/UE4-projet/config/database.php
2025-02-25 16:37:40 [INFO] Fichier init chargée /Users/mamadou/Sites/UE4-projet/config/init.php
2025-02-25 16:37:40 [INFO] Connexion à la base de donnée réussi /Users/mamadou/Sites/UE4-projet/config/database.php
2025-02-25 16:39:04 [INFO] Fichier init chargée /Users/mamadou/Sites/UE4-projet/config/init.php
2025-02-25 16:39:04 [INFO] Connexion à la base de donnée réussi /Users/mamadou/Sites/UE4-projet/config/database.php
2025-02-25 16:39:06 [INFO] Fichier init chargée /Users/mamadou/Sites/UE4-projet/config/init.php
2025-02-25 16:39:06 [INFO] Connexion à la base de donnée réussi /Users/mamadou/Sites/UE4-projet/config/database.php
2025-02-25 16:39:08 [INFO] Fichier init chargée /Users/mamadou/Sites/UE4-projet/config/init.php
2025-02-25 16:39:08 [INFO] Connexion à la base de donnée réussi /Users/mamadou/Sites/UE4-projet/config/database.php
2025-02-25 16:39:13 [INFO] Fichier init chargée /Users/mamadou/Sites/UE4-projet/config/init.php
2025-02-25 16:39:13 [INFO] Connexion à la base de donnée réussi /Users/mamadou/Sites/UE4-projet/config/database.php
2025-02-25 16:39:15 [INFO] Fichier init chargée /Users/mamadou/Sites/UE4-projet/config/init.php
2025-02-25 16:39:15 [INFO] Connexion à la base de donnée réussi /Users/mamadou/Sites/UE4-projet/config/database.php
2025-02-25 16:39:33 [INFO] Fichier init chargée /Users/mamadou/Sites/UE4-projet/config/init.php
2025-02-25 16:39:33 [INFO] Connexion à la base de donnée réussi /Users/mamadou/Sites/UE4-projet/config/database.php
2025-02-25 16:40:08 [INFO] Fichier init chargée /Users/mamadou/Sites/UE4-projet/config/init.php
2025-02-25 16:40:08 [INFO] Connexion à la base de donnée réussi /Users/mamadou/Sites/UE4-projet/config/database.php
2025-02-25 16:40:09 [INFO] Fichier init chargée /Users/mamadou/Sites/UE4-projet/config/init.php
2025-02-25 16:40:09 [INFO] Connexion à la base de donnée réussi /Users/mamadou/Sites/UE4-projet/config/database.php
2025-02-25 16:40:20 [INFO] Fichier init chargée /Users/mamadou/Sites/UE4-projet/config/init.php
2025-02-25 16:40:20 [INFO] Connexion à la base de donnée réussi /Users/mamadou/Sites/UE4-projet/config/database.php
2025-02-25 16:40:45 [INFO] Fichier init chargée /Users/mamadou/Sites/UE4-projet/config/init.php
2025-02-25 16:40:45 [INFO] Connexion à la base de donnée réussi /Users/mamadou/Sites/UE4-projet/config/database.php
2025-02-25 16:51:58 [INFO] Fichier init chargée /Users/mamadou/Sites/UE4-projet/config/init.php
2025-02-25 16:51:58 [INFO] Connexion à la base de donnée réussi /Users/mamadou/Sites/UE4-projet/config/database.php
2025-02-25 16:52:20 [INFO] Fichier init chargée /Users/mamadou/Sites/UE4-projet/config/init.php
2025-02-25 16:52:20 [INFO] Connexion à la base de donnée réussi /Users/mamadou/Sites/UE4-projet/config/database.php
2025-02-25 16:52:20 [INFO] Récuperation d\'un utilisateur par email réussi /Users/mamadou/Sites/UE4-projet/app/models/m_user.php
2025-02-25 16:52:20 [INFO] Mise à jour de la dernière connexion de l'utilisateur ID (8) a réussi /Users/mamadou/Sites/UE4-projet/app/models/m_user.php
2025-02-25 16:52:23 [INFO] Fichier init chargée /Users/mamadou/Sites/UE4-projet/config/init.php
2025-02-25 16:52:23 [INFO] Connexion à la base de donnée réussi /Users/mamadou/Sites/UE4-projet/config/database.php
2025-02-25 16:52:23 [INFO] Récuperation de toutes les annonces publiées a réussi /Users/mamadou/Sites/UE4-projet/app/models/m_announcement.php
2025-02-25 16:52:45 [INFO] Fichier init chargée /Users/mamadou/Sites/UE4-projet/config/init.php
2025-02-25 16:52:45 [INFO] Connexion à la base de donnée réussi /Users/mamadou/Sites/UE4-projet/config/database.php
2025-02-25 16:52:45 [INFO] Récuperation de l' utilisateur ID : (8) a réussi /Users/mamadou/Sites/UE4-projet/app/models/m_user.php
2025-02-25 16:52:45 [INFO] Récuperation des status réussi /Users/mamadou/Sites/UE4-projet/app/models/m_statuses.php
2025-02-25 16:52:45 [INFO] Récuperation de toutes les annonces publiées utilisateu ID (8) a réussi /Users/mamadou/Sites/UE4-projet/app/models/m_announcement.php
2025-02-25 16:58:18 [INFO] Fichier init chargée /Users/mamadou/Sites/UE4-projet/config/init.php
2025-02-25 16:58:18 [INFO] Connexion à la base de donnée réussi /Users/mamadou/Sites/UE4-projet/config/database.php
2025-02-25 16:58:18 [INFO] Récuperation de toutes les annonces publiées a réussi /Users/mamadou/Sites/UE4-projet/app/models/m_announcement.php
2025-02-25 17:09:40 [INFO] Fichier init chargée /Users/mamadou/Sites/UE4-projet/config/init.php
2025-02-25 17:09:40 [INFO] Connexion à la base de donnée réussi /Users/mamadou/Sites/UE4-projet/config/database.php
2025-02-25 17:09:40 [INFO] Récuperation de toutes les annonces publiées a réussi /Users/mamadou/Sites/UE4-projet/app/models/m_announcement.php
2025-02-25 17:09:40 [INFO] Récuperation des catégories  réussi /Users/mamadou/Sites/UE4-projet/app/models/m_category.php
2025-02-25 17:09:40 [INFO] Récuperation des états réussi /Users/mamadou/Sites/UE4-projet/app/models/m_state.php
2025-02-25 17:12:03 [INFO] Fichier init chargée /Users/mamadou/Sites/UE4-projet/config/init.php
2025-02-25 17:12:03 [INFO] Connexion à la base de donnée réussi /Users/mamadou/Sites/UE4-projet/config/database.php
2025-02-25 17:12:09 [INFO] Fichier init chargée /Users/mamadou/Sites/UE4-projet/config/init.php
2025-02-25 17:12:09 [INFO] Connexion à la base de donnée réussi /Users/mamadou/Sites/UE4-projet/config/database.php
2025-02-25 17:12:09 [INFO] Récuperation de toutes les annonces publiées a réussi /Users/mamadou/Sites/UE4-projet/app/models/m_announcement.php
2025-02-25 17:12:40 [INFO] Fichier init chargée /Users/mamadou/Sites/UE4-projet/config/init.php
2025-02-25 17:12:40 [INFO] Connexion à la base de donnée réussi /Users/mamadou/Sites/UE4-projet/config/database.php
2025-02-25 17:12:40 [INFO] Récuperation de toutes les annonces publiées par recherche a réussi /Users/mamadou/Sites/UE4-projet/app/models/m_announcement.php
2025-02-25 17:12:40 [INFO] Récuperation des catégories  réussi /Users/mamadou/Sites/UE4-projet/app/models/m_category.php
2025-02-25 17:12:40 [INFO] Récuperation des états réussi /Users/mamadou/Sites/UE4-projet/app/models/m_state.php
2025-02-25 17:12:47 [INFO] Fichier init chargée /Users/mamadou/Sites/UE4-projet/config/init.php
2025-02-25 17:12:47 [INFO] Connexion à la base de donnée réussi /Users/mamadou/Sites/UE4-projet/config/database.php
2025-02-25 17:12:51 [INFO] Fichier init chargée /Users/mamadou/Sites/UE4-projet/config/init.php
2025-02-25 17:12:51 [INFO] Connexion à la base de donnée réussi /Users/mamadou/Sites/UE4-projet/config/database.php
2025-02-25 17:13:16 [INFO] Fichier init chargée /Users/mamadou/Sites/UE4-projet/config/init.php
2025-02-25 17:13:16 [INFO] Connexion à la base de donnée réussi /Users/mamadou/Sites/UE4-projet/config/database.php
2025-02-25 17:13:23 [INFO] Fichier init chargée /Users/mamadou/Sites/UE4-projet/config/init.php
2025-02-25 17:13:23 [INFO] Connexion à la base de donnée réussi /Users/mamadou/Sites/UE4-projet/config/database.php
2025-02-25 17:13:35 [INFO] Fichier init chargée /Users/mamadou/Sites/UE4-projet/config/init.php
2025-02-25 17:13:35 [INFO] Connexion à la base de donnée réussi /Users/mamadou/Sites/UE4-projet/config/database.php
2025-02-25 17:13:50 [INFO] Fichier init chargée /Users/mamadou/Sites/UE4-projet/config/init.php
2025-02-25 17:13:50 [INFO] Connexion à la base de donnée réussi /Users/mamadou/Sites/UE4-projet/config/database.php
2025-02-25 17:36:55 [INFO] Fichier init chargée /Users/mamadou/Sites/UE4-projet/config/init.php
2025-02-25 17:36:55 [INFO] Connexion à la base de donnée réussi /Users/mamadou/Sites/UE4-projet/config/database.php
2025-02-25 17:36:55 [INFO] Fichier init chargée /Users/mamadou/Sites/UE4-projet/config/init.php
2025-02-25 17:36:55 [INFO] Connexion à la base de donnée réussi /Users/mamadou/Sites/UE4-projet/config/database.php
2025-02-25 17:36:55 [INFO] Récuperation de l'annonce  ID : (3) a  réussi /Users/mamadou/Sites/UE4-projet/app/models/m_announcement.php
2025-02-25 17:36:55 [INFO] Fichier init chargée /Users/mamadou/Sites/UE4-projet/config/init.php
2025-02-25 17:36:55 [INFO] Connexion à la base de donnée réussi /Users/mamadou/Sites/UE4-projet/config/database.php
2025-02-25 17:36:55 [INFO] Récuperation de l'annonce  ID : (25) a  réussi /Users/mamadou/Sites/UE4-projet/app/models/m_announcement.php
2025-02-25 17:36:55 [INFO] Fichier init chargée /Users/mamadou/Sites/UE4-projet/config/init.php
2025-02-25 17:36:55 [INFO] Connexion à la base de donnée réussi /Users/mamadou/Sites/UE4-projet/config/database.php
2025-02-25 17:36:55 [INFO] Récuperation de l'annonce  ID : (2) a  réussi /Users/mamadou/Sites/UE4-projet/app/models/m_announcement.php
2025-02-25 17:36:55 [INFO] Fichier init chargée /Users/mamadou/Sites/UE4-projet/config/init.php
2025-02-25 17:36:55 [INFO] Connexion à la base de donnée réussi /Users/mamadou/Sites/UE4-projet/config/database.php
2025-02-25 17:36:55 [INFO] Récuperation de l'annonce  ID : (8) a  réussi /Users/mamadou/Sites/UE4-projet/app/models/m_announcement.php
2025-02-25 17:36:55 [INFO] Fichier init chargée /Users/mamadou/Sites/UE4-projet/config/init.php
2025-02-25 17:36:55 [INFO] Connexion à la base de donnée réussi /Users/mamadou/Sites/UE4-projet/config/database.php
2025-02-25 17:36:55 [INFO] Récuperation de l'annonce  ID : (5) a  réussi /Users/mamadou/Sites/UE4-projet/app/models/m_announcement.php
2025-02-25 17:36:55 [INFO] Fichier init chargée /Users/mamadou/Sites/UE4-projet/config/init.php
2025-02-25 17:36:55 [INFO] Connexion à la base de donnée réussi /Users/mamadou/Sites/UE4-projet/config/database.php
2025-02-25 17:36:55 [INFO] Récuperation de l'annonce  ID : (7) a  réussi /Users/mamadou/Sites/UE4-projet/app/models/m_announcement.php
2025-02-25 17:36:55 [INFO] Fichier init chargée /Users/mamadou/Sites/UE4-projet/config/init.php
2025-02-25 17:36:55 [INFO] Connexion à la base de donnée réussi /Users/mamadou/Sites/UE4-projet/config/database.php
2025-02-25 17:36:55 [INFO] Récuperation de l'annonce  ID : (12) a  réussi /Users/mamadou/Sites/UE4-projet/app/models/m_announcement.php
2025-02-25 17:36:55 [INFO] Fichier init chargée /Users/mamadou/Sites/UE4-projet/config/init.php
2025-02-25 17:36:55 [INFO] Connexion à la base de donnée réussi /Users/mamadou/Sites/UE4-projet/config/database.php
2025-02-25 17:36:55 [INFO] Récuperation de l'annonce  ID : (10) a  réussi /Users/mamadou/Sites/UE4-projet/app/models/m_announcement.php
2025-02-25 17:36:55 [INFO] Fichier init chargée /Users/mamadou/Sites/UE4-projet/config/init.php
2025-02-25 17:36:55 [INFO] Connexion à la base de donnée réussi /Users/mamadou/Sites/UE4-projet/config/database.php
2025-02-25 17:36:55 [INFO] Récuperation de l'annonce  ID : (9) a  réussi /Users/mamadou/Sites/UE4-projet/app/models/m_announcement.php
2025-02-25 17:37:14 [INFO] Fichier init chargée /Users/mamadou/Sites/UE4-projet/config/init.php
2025-02-25 17:37:14 [INFO] Connexion à la base de donnée réussi /Users/mamadou/Sites/UE4-projet/config/database.php
2025-02-25 17:37:14 [INFO] Fichier init chargée /Users/mamadou/Sites/UE4-projet/config/init.php
2025-02-25 17:37:14 [INFO] Connexion à la base de donnée réussi /Users/mamadou/Sites/UE4-projet/config/database.php
2025-02-25 17:37:14 [INFO] Récuperation de l'annonce  ID : (7) a  réussi /Users/mamadou/Sites/UE4-projet/app/models/m_announcement.php
2025-02-25 17:37:14 [INFO] Fichier init chargée /Users/mamadou/Sites/UE4-projet/config/init.php
2025-02-25 17:37:14 [INFO] Connexion à la base de donnée réussi /Users/mamadou/Sites/UE4-projet/config/database.php
2025-02-25 17:37:14 [INFO] Récuperation de l'annonce  ID : (25) a  réussi /Users/mamadou/Sites/UE4-projet/app/models/m_announcement.php
2025-02-25 17:37:14 [INFO] Fichier init chargée /Users/mamadou/Sites/UE4-projet/config/init.php
2025-02-25 17:37:14 [INFO] Connexion à la base de donnée réussi /Users/mamadou/Sites/UE4-projet/config/database.php
2025-02-25 17:37:14 [INFO] Récuperation de l'annonce  ID : (3) a  réussi /Users/mamadou/Sites/UE4-projet/app/models/m_announcement.php
2025-02-25 17:37:14 [INFO] Fichier init chargée /Users/mamadou/Sites/UE4-projet/config/init.php
2025-02-25 17:37:14 [INFO] Connexion à la base de donnée réussi /Users/mamadou/Sites/UE4-projet/config/database.php
2025-02-25 17:37:14 [INFO] Récuperation de l'annonce  ID : (2) a  réussi /Users/mamadou/Sites/UE4-projet/app/models/m_announcement.php
2025-02-25 17:37:14 [INFO] Fichier init chargée /Users/mamadou/Sites/UE4-projet/config/init.php
2025-02-25 17:37:14 [INFO] Connexion à la base de donnée réussi /Users/mamadou/Sites/UE4-projet/config/database.php
2025-02-25 17:37:14 [INFO] Récuperation de l'annonce  ID : (8) a  réussi /Users/mamadou/Sites/UE4-projet/app/models/m_announcement.php
2025-02-25 17:37:14 [INFO] Fichier init chargée /Users/mamadou/Sites/UE4-projet/config/init.php
2025-02-25 17:37:14 [INFO] Connexion à la base de donnée réussi /Users/mamadou/Sites/UE4-projet/config/database.php
2025-02-25 17:37:14 [INFO] Récuperation de l'annonce  ID : (12) a  réussi /Users/mamadou/Sites/UE4-projet/app/models/m_announcement.php
2025-02-25 17:37:14 [INFO] Fichier init chargée /Users/mamadou/Sites/UE4-projet/config/init.php
2025-02-25 17:37:14 [INFO] Connexion à la base de donnée réussi /Users/mamadou/Sites/UE4-projet/config/database.php
2025-02-25 17:37:14 [INFO] Récuperation de l'annonce  ID : (10) a  réussi /Users/mamadou/Sites/UE4-projet/app/models/m_announcement.php
2025-02-25 17:37:14 [INFO] Fichier init chargée /Users/mamadou/Sites/UE4-projet/config/init.php
2025-02-25 17:37:14 [INFO] Connexion à la base de donnée réussi /Users/mamadou/Sites/UE4-projet/config/database.php
2025-02-25 17:37:14 [INFO] Récuperation de l'annonce  ID : (5) a  réussi /Users/mamadou/Sites/UE4-projet/app/models/m_announcement.php
2025-02-25 17:37:14 [INFO] Fichier init chargée /Users/mamadou/Sites/UE4-projet/config/init.php
2025-02-25 17:37:14 [INFO] Connexion à la base de donnée réussi /Users/mamadou/Sites/UE4-projet/config/database.php
2025-02-25 17:37:14 [INFO] Récuperation de l'annonce  ID : (9) a  réussi /Users/mamadou/Sites/UE4-projet/app/models/m_announcement.php
2025-02-25 17:38:33 [INFO] Fichier init chargée /Users/mamadou/Sites/UE4-projet/config/init.php
2025-02-25 17:38:33 [INFO] Connexion à la base de donnée réussi /Users/mamadou/Sites/UE4-projet/config/database.php
2025-02-25 17:38:35 [INFO] Fichier init chargée /Users/mamadou/Sites/UE4-projet/config/init.php
2025-02-25 17:38:35 [INFO] Connexion à la base de donnée réussi /Users/mamadou/Sites/UE4-projet/config/database.php
2025-02-25 17:38:36 [INFO] Fichier init chargée /Users/mamadou/Sites/UE4-projet/config/init.php
2025-02-25 17:38:36 [INFO] Connexion à la base de donnée réussi /Users/mamadou/Sites/UE4-projet/config/database.php
2025-02-25 17:38:37 [INFO] Fichier init chargée /Users/mamadou/Sites/UE4-projet/config/init.php
2025-02-25 17:38:37 [INFO] Connexion à la base de donnée réussi /Users/mamadou/Sites/UE4-projet/config/database.php
2025-02-25 17:38:42 [INFO] Fichier init chargée /Users/mamadou/Sites/UE4-projet/config/init.php
2025-02-25 17:38:42 [INFO] Connexion à la base de donnée réussi /Users/mamadou/Sites/UE4-projet/config/database.php
2025-02-25 17:39:13 [INFO] Fichier init chargée /Users/mamadou/Sites/UE4-projet/config/init.php
2025-02-25 17:39:13 [INFO] Connexion à la base de donnée réussi /Users/mamadou/Sites/UE4-projet/config/database.php
2025-02-25 17:39:14 [INFO] Fichier init chargée /Users/mamadou/Sites/UE4-projet/config/init.php
2025-02-25 17:39:14 [INFO] Connexion à la base de donnée réussi /Users/mamadou/Sites/UE4-projet/config/database.php
2025-02-25 17:39:14 [INFO] Fichier init chargée /Users/mamadou/Sites/UE4-projet/config/init.php
2025-02-25 17:39:14 [INFO] Connexion à la base de donnée réussi /Users/mamadou/Sites/UE4-projet/config/database.php
2025-02-25 17:39:16 [INFO] Fichier init chargée /Users/mamadou/Sites/UE4-projet/config/init.php
2025-02-25 17:39:16 [INFO] Connexion à la base de donnée réussi /Users/mamadou/Sites/UE4-projet/config/database.php
2025-02-25 17:39:16 [INFO] Récuperation de l' utilisateur ID : (8) a réussi /Users/mamadou/Sites/UE4-projet/app/models/m_user.php
2025-02-25 17:39:16 [INFO] Récuperation des status réussi /Users/mamadou/Sites/UE4-projet/app/models/m_statuses.php
2025-02-25 17:39:16 [INFO] Récuperation de toutes les annonces publiées utilisateu ID (8) a réussi /Users/mamadou/Sites/UE4-projet/app/models/m_announcement.php
2025-02-25 17:39:17 [INFO] Fichier init chargée /Users/mamadou/Sites/UE4-projet/config/init.php
2025-02-25 17:39:17 [INFO] Connexion à la base de donnée réussi /Users/mamadou/Sites/UE4-projet/config/database.php
2025-02-25 17:39:22 [INFO] Fichier init chargée /Users/mamadou/Sites/UE4-projet/config/init.php
2025-02-25 17:39:22 [INFO] Connexion à la base de donnée réussi /Users/mamadou/Sites/UE4-projet/config/database.php
2025-02-25 17:39:28 [INFO] Fichier init chargée /Users/mamadou/Sites/UE4-projet/config/init.php
2025-02-25 17:39:28 [INFO] Connexion à la base de donnée réussi /Users/mamadou/Sites/UE4-projet/config/database.php
2025-02-25 17:39:28 [INFO] Récuperation de l' utilisateur ID : (8) a réussi /Users/mamadou/Sites/UE4-projet/app/models/m_user.php
2025-02-25 17:39:28 [INFO] Récuperation des status réussi /Users/mamadou/Sites/UE4-projet/app/models/m_statuses.php
2025-02-25 17:39:28 [INFO] Récuperation de toutes les annonces publiées utilisateu ID (8) a réussi /Users/mamadou/Sites/UE4-projet/app/models/m_announcement.php
2025-02-25 17:39:34 [INFO] Fichier init chargée /Users/mamadou/Sites/UE4-projet/config/init.php
2025-02-25 17:39:34 [INFO] Connexion à la base de donnée réussi /Users/mamadou/Sites/UE4-projet/config/database.php
2025-02-25 17:39:57 [INFO] Fichier init chargée /Users/mamadou/Sites/UE4-projet/config/init.php
2025-02-25 17:39:57 [INFO] Connexion à la base de donnée réussi /Users/mamadou/Sites/UE4-projet/config/database.php
2025-02-25 17:39:57 [INFO] Fichier init chargée /Users/mamadou/Sites/UE4-projet/config/init.php
2025-02-25 17:39:57 [INFO] Connexion à la base de donnée réussi /Users/mamadou/Sites/UE4-projet/config/database.php
2025-02-25 17:39:57 [INFO] Fichier init chargée /Users/mamadou/Sites/UE4-projet/config/init.php
2025-02-25 17:39:57 [INFO] Connexion à la base de donnée réussi /Users/mamadou/Sites/UE4-projet/config/database.php
2025-02-25 17:39:57 [INFO] Fichier init chargée /Users/mamadou/Sites/UE4-projet/config/init.php
2025-02-25 17:39:57 [INFO] Connexion à la base de donnée réussi /Users/mamadou/Sites/UE4-projet/config/database.php
2025-02-25 17:39:58 [INFO] Fichier init chargée /Users/mamadou/Sites/UE4-projet/config/init.php
2025-02-25 17:39:58 [INFO] Connexion à la base de donnée réussi /Users/mamadou/Sites/UE4-projet/config/database.php
2025-02-25 17:39:58 [INFO] Récuperation de toutes les annonces publiées a réussi /Users/mamadou/Sites/UE4-projet/app/models/m_announcement.php
2025-02-25 17:46:21 [INFO] Fichier init chargée /Users/mamadou/Sites/UE4-projet/config/init.php
2025-02-25 17:46:21 [INFO] Connexion à la base de donnée réussi /Users/mamadou/Sites/UE4-projet/config/database.php
2025-02-25 17:46:21 [INFO] Récuperation de toutes les annonces publiées a réussi /Users/mamadou/Sites/UE4-projet/app/models/m_announcement.php
2025-02-25 17:46:24 [INFO] Fichier init chargée /Users/mamadou/Sites/UE4-projet/config/init.php
2025-02-25 17:46:24 [INFO] Connexion à la base de donnée réussi /Users/mamadou/Sites/UE4-projet/config/database.php
2025-02-25 17:46:24 [INFO] Récuperation de l' utilisateur ID : (8) a réussi /Users/mamadou/Sites/UE4-projet/app/models/m_user.php
2025-02-25 17:46:24 [INFO] Récuperation des status réussi /Users/mamadou/Sites/UE4-projet/app/models/m_statuses.php
2025-02-25 17:46:24 [INFO] Récuperation de toutes les annonces publiées utilisateu ID (8) a réussi /Users/mamadou/Sites/UE4-projet/app/models/m_announcement.php
2025-02-25 17:46:28 [INFO] Fichier init chargée /Users/mamadou/Sites/UE4-projet/config/init.php
2025-02-25 17:46:28 [INFO] Connexion à la base de donnée réussi /Users/mamadou/Sites/UE4-projet/config/database.php
2025-02-25 17:46:34 [INFO] Fichier init chargée /Users/mamadou/Sites/UE4-projet/config/init.php
2025-02-25 17:46:34 [INFO] Connexion à la base de donnée réussi /Users/mamadou/Sites/UE4-projet/config/database.php
2025-02-25 17:46:34 [INFO] Récuperation de toutes les annonces publiées a réussi /Users/mamadou/Sites/UE4-projet/app/models/m_announcement.php
2025-02-25 17:46:37 [INFO] Fichier init chargée /Users/mamadou/Sites/UE4-projet/config/init.php
2025-02-25 17:46:37 [INFO] Connexion à la base de donnée réussi /Users/mamadou/Sites/UE4-projet/config/database.php
2025-02-25 17:46:37 [INFO] Fichier init chargée /Users/mamadou/Sites/UE4-projet/config/init.php
2025-02-25 17:46:37 [INFO] Connexion à la base de donnée réussi /Users/mamadou/Sites/UE4-projet/config/database.php
2025-02-25 17:46:37 [INFO] Récuperation de l'annonce  ID : (2) a  réussi /Users/mamadou/Sites/UE4-projet/app/models/m_announcement.php
2025-02-25 19:14:12 [INFO] Fichier init chargée /Users/mamadou/Sites/UE4-projet/config/init.php
2025-02-25 19:14:12 [INFO] Connexion à la base de donnée réussi /Users/mamadou/Sites/UE4-projet/config/database.php
2025-02-25 19:14:12 [INFO] Récuperation de l' utilisateur ID : (8) a réussi /Users/mamadou/Sites/UE4-projet/app/models/m_user.php
2025-02-25 19:14:12 [INFO] Récuperation des status réussi /Users/mamadou/Sites/UE4-projet/app/models/m_statuses.php
2025-02-25 19:14:12 [INFO] Récuperation de toutes les annonces publiées utilisateu ID (8) a réussi /Users/mamadou/Sites/UE4-projet/app/models/m_announcement.php
2025-02-25 19:59:52 [INFO] Fichier init chargée /Users/mamadou/Sites/UE4-projet/config/init.php
2025-02-25 19:59:52 [INFO] Connexion à la base de donnée réussi /Users/mamadou/Sites/UE4-projet/config/database.php
2025-02-25 19:59:52 [INFO] Récuperation des catégories  réussi /Users/mamadou/Sites/UE4-projet/app/models/m_category.php
2025-02-25 19:59:52 [INFO] Récuperation des états réussi /Users/mamadou/Sites/UE4-projet/app/models/m_state.php
2025-02-25 19:59:59 [INFO] Fichier init chargée /Users/mamadou/Sites/UE4-projet/config/init.php
2025-02-25 19:59:59 [INFO] Connexion à la base de donnée réussi /Users/mamadou/Sites/UE4-projet/config/database.php
2025-02-25 19:59:59 [INFO] Récuperation des catégories  réussi /Users/mamadou/Sites/UE4-projet/app/models/m_category.php
2025-02-25 19:59:59 [INFO] Récuperation des états réussi /Users/mamadou/Sites/UE4-projet/app/models/m_state.php
2025-02-25 20:10:16 [INFO] Fichier init chargée /Users/mamadou/Sites/UE4-projet/config/init.php
2025-02-25 20:10:16 [INFO] Connexion à la base de donnée réussi /Users/mamadou/Sites/UE4-projet/config/database.php
2025-02-25 20:10:16 [INFO] Récuperation de l' utilisateur ID : (8) a réussi /Users/mamadou/Sites/UE4-projet/app/models/m_user.php
2025-02-25 20:10:16 [INFO] Récuperation des status réussi /Users/mamadou/Sites/UE4-projet/app/models/m_statuses.php
2025-02-25 20:10:16 [INFO] Récuperation de toutes les annonces publiées utilisateu ID (8) a réussi /Users/mamadou/Sites/UE4-projet/app/models/m_announcement.php
2025-02-25 20:13:33 [INFO] Fichier init chargée /Users/mamadou/Sites/UE4-projet/config/init.php
2025-02-25 20:13:33 [INFO] Connexion à la base de donnée réussi /Users/mamadou/Sites/UE4-projet/config/database.php
2025-02-25 20:13:33 [INFO] Récuperation de l' utilisateur ID : (8) a réussi /Users/mamadou/Sites/UE4-projet/app/models/m_user.php
2025-02-25 20:14:11 [INFO] Fichier init chargée /Users/mamadou/Sites/UE4-projet/config/init.php
2025-02-25 20:14:11 [INFO] Connexion à la base de donnée réussi /Users/mamadou/Sites/UE4-projet/config/database.php
2025-02-25 20:14:11 [INFO] Récuperation de l' utilisateur ID : (8) a réussi /Users/mamadou/Sites/UE4-projet/app/models/m_user.php
2025-02-25 20:14:11 [INFO] Récuperation des status réussi /Users/mamadou/Sites/UE4-projet/app/models/m_statuses.php
2025-02-25 20:14:11 [INFO] Récuperation de toutes les annonces publiées utilisateu ID (8) a réussi /Users/mamadou/Sites/UE4-projet/app/models/m_announcement.php
2025-02-25 20:14:57 [INFO] Fichier init chargée /Users/mamadou/Sites/UE4-projet/config/init.php
2025-02-25 20:14:57 [INFO] Connexion à la base de donnée réussi /Users/mamadou/Sites/UE4-projet/config/database.php
2025-02-25 20:14:57 [INFO] Récuperation de l' utilisateur ID : (8) a réussi /Users/mamadou/Sites/UE4-projet/app/models/m_user.php
2025-02-25 20:14:58 [INFO] Fichier init chargée /Users/mamadou/Sites/UE4-projet/config/init.php
2025-02-25 20:14:58 [INFO] Connexion à la base de donnée réussi /Users/mamadou/Sites/UE4-projet/config/database.php
2025-02-25 20:14:58 [INFO] Récuperation de l' utilisateur ID : (8) a réussi /Users/mamadou/Sites/UE4-projet/app/models/m_user.php
2025-02-25 20:19:41 [INFO] Fichier init chargée /Users/mamadou/Sites/UE4-projet/config/init.php
2025-02-25 20:19:41 [INFO] Connexion à la base de donnée réussi /Users/mamadou/Sites/UE4-projet/config/database.php
2025-02-25 20:20:03 [INFO] Fichier init chargée /Users/mamadou/Sites/UE4-projet/config/init.php
2025-02-25 20:20:03 [INFO] Connexion à la base de donnée réussi /Users/mamadou/Sites/UE4-projet/config/database.php
2025-02-25 20:20:09 [INFO] Fichier init chargée /Users/mamadou/Sites/UE4-projet/config/init.php
2025-02-25 20:20:09 [INFO] Connexion à la base de donnée réussi /Users/mamadou/Sites/UE4-projet/config/database.php
2025-02-25 20:20:09 [INFO] Récuperation d\'un utilisateur par email réussi /Users/mamadou/Sites/UE4-projet/app/models/m_user.php
2025-02-25 20:20:10 [INFO] Mise à jour de la dernière connexion de l'utilisateur ID (1) a réussi /Users/mamadou/Sites/UE4-projet/app/models/m_user.php
2025-02-25 20:20:12 [INFO] Fichier init chargée /Users/mamadou/Sites/UE4-projet/config/init.php
2025-02-25 20:20:12 [INFO] Connexion à la base de donnée réussi /Users/mamadou/Sites/UE4-projet/config/database.php
2025-02-25 20:20:12 [INFO] Récuperation de toutes les annonces publiées a réussi /Users/mamadou/Sites/UE4-projet/app/models/m_announcement.php
2025-02-25 20:20:13 [INFO] Fichier init chargée /Users/mamadou/Sites/UE4-projet/config/init.php
2025-02-25 20:20:13 [INFO] Connexion à la base de donnée réussi /Users/mamadou/Sites/UE4-projet/config/database.php
2025-02-25 20:20:13 [INFO] Récuperation de l' utilisateur ID : (1) a réussi /Users/mamadou/Sites/UE4-projet/app/models/m_user.php
2025-02-25 20:20:13 [INFO] Récuperation des status réussi /Users/mamadou/Sites/UE4-projet/app/models/m_statuses.php
2025-02-25 20:20:13 [INFO] Récuperation de toutes les annonces publiées utilisateu ID (1) a réussi /Users/mamadou/Sites/UE4-projet/app/models/m_announcement.php
2025-02-25 20:20:59 [INFO] Fichier init chargée /Users/mamadou/Sites/UE4-projet/config/init.php
2025-02-25 20:20:59 [INFO] Connexion à la base de donnée réussi /Users/mamadou/Sites/UE4-projet/config/database.php
2025-02-25 20:20:59 [INFO] Récuperation de toutes les annonces publiées a réussi /Users/mamadou/Sites/UE4-projet/app/models/m_announcement.php
2025-02-25 20:21:02 [INFO] Fichier init chargée /Users/mamadou/Sites/UE4-projet/config/init.php
2025-02-25 20:21:02 [INFO] Connexion à la base de donnée réussi /Users/mamadou/Sites/UE4-projet/config/database.php
2025-02-25 20:21:02 [INFO] Récuperation de toutes les annonces publiées a réussi /Users/mamadou/Sites/UE4-projet/app/models/m_announcement.php
2025-02-25 20:21:48 [INFO] Fichier init chargée /Users/mamadou/Sites/UE4-projet/config/init.php
2025-02-25 20:21:48 [INFO] Connexion à la base de donnée réussi /Users/mamadou/Sites/UE4-projet/config/database.php
2025-02-25 20:21:48 [INFO] Récuperation de toutes les annonces publiées a réussi /Users/mamadou/Sites/UE4-projet/app/models/m_announcement.php
2025-02-25 20:22:06 [INFO] Fichier init chargée /Users/mamadou/Sites/UE4-projet/config/init.php
2025-02-25 20:22:06 [INFO] Connexion à la base de donnée réussi /Users/mamadou/Sites/UE4-projet/config/database.php
2025-02-25 20:22:06 [INFO] Fichier init chargée /Users/mamadou/Sites/UE4-projet/config/init.php
2025-02-25 20:22:06 [INFO] Connexion à la base de donnée réussi /Users/mamadou/Sites/UE4-projet/config/database.php
2025-02-25 20:22:06 [INFO] Récuperation de toutes les annonces publiées a réussi /Users/mamadou/Sites/UE4-projet/app/models/m_announcement.php
2025-02-25 20:22:16 [INFO] Fichier init chargée /Users/mamadou/Sites/UE4-projet/config/init.php
2025-02-25 20:22:16 [INFO] Connexion à la base de donnée réussi /Users/mamadou/Sites/UE4-projet/config/database.php
2025-02-25 20:22:16 [INFO] Récuperation des informations de l'admin a réussi /Users/mamadou/Sites/UE4-projet/app/models/m_user.php
2025-02-25 20:22:18 [INFO] Fichier init chargée /Users/mamadou/Sites/UE4-projet/config/init.php
2025-02-25 20:22:18 [INFO] Connexion à la base de donnée réussi /Users/mamadou/Sites/UE4-projet/config/database.php
2025-02-25 20:22:18 [INFO] Récuperation de toutes les annonces publiées a réussi /Users/mamadou/Sites/UE4-projet/app/models/m_announcement.php
2025-02-25 20:22:18 [INFO] Récuperation des catégories  réussi /Users/mamadou/Sites/UE4-projet/app/models/m_category.php
2025-02-25 20:22:18 [INFO] Récuperation des status réussi /Users/mamadou/Sites/UE4-projet/app/models/m_statuses.php
2025-02-25 20:22:18 [INFO] Récuperation des utilisateurs a réussi /Users/mamadou/Sites/UE4-projet/app/models/m_user.php
2025-02-25 20:23:02 [INFO] Fichier init chargée /Users/mamadou/Sites/UE4-projet/config/init.php
2025-02-25 20:23:02 [INFO] Connexion à la base de donnée réussi /Users/mamadou/Sites/UE4-projet/config/database.php
2025-02-25 20:23:02 [INFO] Mise à jour l'attribut statut de l'annonce ID : (21) par l'admin ID (2) a réussi /Users/mamadou/Sites/UE4-projet/app/models/m_announcement.php
2025-02-25 20:23:02 [INFO] Récuperation de toutes les annonces publiées a réussi /Users/mamadou/Sites/UE4-projet/app/models/m_announcement.php
2025-02-25 20:23:02 [INFO] Récuperation des catégories  réussi /Users/mamadou/Sites/UE4-projet/app/models/m_category.php
2025-02-25 20:23:02 [INFO] Récuperation des status réussi /Users/mamadou/Sites/UE4-projet/app/models/m_statuses.php
2025-02-25 20:23:02 [INFO] Récuperation des utilisateurs a réussi /Users/mamadou/Sites/UE4-projet/app/models/m_user.php
2025-02-25 20:23:12 [INFO] Fichier init chargée /Users/mamadou/Sites/UE4-projet/config/init.php
2025-02-25 20:23:12 [INFO] Connexion à la base de donnée réussi /Users/mamadou/Sites/UE4-projet/config/database.php
2025-02-25 20:23:12 [INFO] Mise à jour l'attribut statut de l'annonce ID : (6) par l'admin ID (2) a réussi /Users/mamadou/Sites/UE4-projet/app/models/m_announcement.php
2025-02-25 20:23:12 [INFO] Récuperation de toutes les annonces publiées a réussi /Users/mamadou/Sites/UE4-projet/app/models/m_announcement.php
2025-02-25 20:23:12 [INFO] Récuperation des catégories  réussi /Users/mamadou/Sites/UE4-projet/app/models/m_category.php
2025-02-25 20:23:12 [INFO] Récuperation des status réussi /Users/mamadou/Sites/UE4-projet/app/models/m_statuses.php
2025-02-25 20:23:12 [INFO] Récuperation des utilisateurs a réussi /Users/mamadou/Sites/UE4-projet/app/models/m_user.php
2025-02-25 20:23:26 [INFO] Fichier init chargée /Users/mamadou/Sites/UE4-projet/config/init.php
2025-02-25 20:23:26 [INFO] Connexion à la base de donnée réussi /Users/mamadou/Sites/UE4-projet/config/database.php
2025-02-25 20:23:26 [INFO] Mise à jour l'attribut statut de l'annonce ID : (1) par l'admin ID (2) a réussi /Users/mamadou/Sites/UE4-projet/app/models/m_announcement.php
2025-02-25 20:23:26 [INFO] Récuperation de toutes les annonces publiées a réussi /Users/mamadou/Sites/UE4-projet/app/models/m_announcement.php
2025-02-25 20:23:26 [INFO] Récuperation des catégories  réussi /Users/mamadou/Sites/UE4-projet/app/models/m_category.php
2025-02-25 20:23:26 [INFO] Récuperation des status réussi /Users/mamadou/Sites/UE4-projet/app/models/m_statuses.php
2025-02-25 20:23:26 [INFO] Récuperation des utilisateurs a réussi /Users/mamadou/Sites/UE4-projet/app/models/m_user.php
2025-02-25 20:23:32 [INFO] Fichier init chargée /Users/mamadou/Sites/UE4-projet/config/init.php
2025-02-25 20:23:32 [INFO] Connexion à la base de donnée réussi /Users/mamadou/Sites/UE4-projet/config/database.php
2025-02-25 20:23:32 [INFO] Récuperation de toutes les annonces publiées a réussi /Users/mamadou/Sites/UE4-projet/app/models/m_announcement.php
2025-02-25 20:23:33 [INFO] Fichier init chargée /Users/mamadou/Sites/UE4-projet/config/init.php
2025-02-25 20:23:33 [INFO] Connexion à la base de donnée réussi /Users/mamadou/Sites/UE4-projet/config/database.php
2025-02-25 20:23:39 [INFO] Fichier init chargée /Users/mamadou/Sites/UE4-projet/config/init.php
2025-02-25 20:23:39 [INFO] Connexion à la base de donnée réussi /Users/mamadou/Sites/UE4-projet/config/database.php
2025-02-25 20:23:39 [INFO] Récuperation d\'un utilisateur par email réussi /Users/mamadou/Sites/UE4-projet/app/models/m_user.php
2025-02-25 20:23:39 [INFO] Mise à jour de la dernière connexion de l'utilisateur ID (1) a réussi /Users/mamadou/Sites/UE4-projet/app/models/m_user.php
2025-02-25 20:23:41 [INFO] Fichier init chargée /Users/mamadou/Sites/UE4-projet/config/init.php
2025-02-25 20:23:41 [INFO] Connexion à la base de donnée réussi /Users/mamadou/Sites/UE4-projet/config/database.php
2025-02-25 20:23:41 [INFO] Récuperation de toutes les annonces publiées a réussi /Users/mamadou/Sites/UE4-projet/app/models/m_announcement.php
2025-02-25 20:23:42 [INFO] Fichier init chargée /Users/mamadou/Sites/UE4-projet/config/init.php
2025-02-25 20:23:42 [INFO] Connexion à la base de donnée réussi /Users/mamadou/Sites/UE4-projet/config/database.php
2025-02-25 20:23:42 [INFO] Récuperation de l' utilisateur ID : (1) a réussi /Users/mamadou/Sites/UE4-projet/app/models/m_user.php
2025-02-25 20:23:42 [INFO] Récuperation des status réussi /Users/mamadou/Sites/UE4-projet/app/models/m_statuses.php
2025-02-25 20:23:42 [INFO] Récuperation de toutes les annonces publiées utilisateu ID (1) a réussi /Users/mamadou/Sites/UE4-projet/app/models/m_announcement.php
2025-02-25 20:24:03 [INFO] Fichier init chargée /Users/mamadou/Sites/UE4-projet/config/init.php
2025-02-25 20:24:03 [INFO] Connexion à la base de donnée réussi /Users/mamadou/Sites/UE4-projet/config/database.php
2025-02-25 20:24:03 [INFO] Mise à jour l'attribut statut de l'annonce ID : (21) par l'utilisateur ID (1) a réussi /Users/mamadou/Sites/UE4-projet/app/models/m_announcement.php
2025-02-25 20:24:03 [INFO] Fichier init chargée /Users/mamadou/Sites/UE4-projet/config/init.php
2025-02-25 20:24:03 [INFO] Connexion à la base de donnée réussi /Users/mamadou/Sites/UE4-projet/config/database.php
2025-02-25 20:24:03 [INFO] Récuperation de l' utilisateur ID : (1) a réussi /Users/mamadou/Sites/UE4-projet/app/models/m_user.php
2025-02-25 20:24:03 [INFO] Récuperation des status réussi /Users/mamadou/Sites/UE4-projet/app/models/m_statuses.php
2025-02-25 20:24:03 [INFO] Récuperation de toutes les annonces publiées utilisateu ID (1) a réussi /Users/mamadou/Sites/UE4-projet/app/models/m_announcement.php
